#
# A fatal error has been detected by the Java Runtime Environment:
#
#  EXCEPTION_ACCESS_VIOLATION (0xc0000005) at pc=0x00007ffb041b23b4, pid=8212, tid=6476
#
# JRE version: OpenJDK Runtime Environment (11.0.13) (build 11.0.13+0-b1751.21-8125866)
# Java VM: OpenJDK 64-Bit Server VM (11.0.13+0-b1751.21-8125866, mixed mode, tiered, compressed oops, g1 gc, windows-amd64)
# Problematic frame:
# V  [jvm.dll+0x1923b4]
#
# No core dump will be written. Minidumps are not enabled by default on client versions of Windows
#
# If you would like to submit a bug report, please visit:
#   https://bugreport.java.com/bugreport/crash.jsp
#

---------------  S U M M A R Y ------------

Command Line: --add-opens=java.base/java.util=ALL-UNNAMED --add-opens=java.base/java.lang=ALL-UNNAMED --add-opens=java.base/java.lang.invoke=ALL-UNNAMED --add-opens=java.base/java.util=ALL-UNNAMED --add-opens=java.prefs/java.util.prefs=ALL-UNNAMED --add-opens=java.prefs/java.util.prefs=ALL-UNNAMED --add-opens=java.base/java.nio.charset=ALL-UNNAMED --add-opens=java.base/java.net=ALL-UNNAMED --add-opens=java.base/java.util.concurrent.atomic=ALL-UNNAMED -Xmx2048m -Dfile.encoding=UTF-8 -Duser.country=EC -Duser.language=es -Duser.variant org.gradle.launcher.daemon.bootstrap.GradleDaemon 7.4

Host: Intel(R) Core(TM) i5-3570 CPU @ 3.40GHz, 4 cores, 11G,  Windows 10 , 64 bit Build 19041 (10.0.19041.1889)
Time: Wed Nov  2 11:45:59 2022 Hora est烱dar del Este (M峰ico) elapsed time: 4211.041415 seconds (0d 1h 10m 11s)

---------------  T H R E A D  ---------------

Current thread (0x000001f752546000):  ConcurrentGCThread "G1 Conc#0" [stack: 0x000000b931b00000,0x000000b931c00000] [id=6476]

Stack: [0x000000b931b00000,0x000000b931c00000],  sp=0x000000b931bff118,  free space=1020k
Native frames: (J=compiled Java code, j=interpreted, Vv=VM code, C=native code)
V  [jvm.dll+0x1923b4]


siginfo: EXCEPTION_ACCESS_VIOLATION (0xc0000005), reading address 0x0000000000000110


Register to memory mapping:

RIP=0x00007ffb041b23b4 jvm.dll
RAX=0x0 is NULL
RBX=0x000000008ba67cd0 is an oop: 
[error occurred during error reporting (printing register info), id 0xc0000005, EXCEPTION_ACCESS_VIOLATION (0xc0000005) at pc=0x00007ffb0461ca6d]

Registers:
RAX=0x0000000000000000, RBX=0x000000008ba67cd0, RCX=0x00000001003934a8, RDX=0x000000008ba67cd0
RSP=0x000000b931bff118, RBP=0x000001f75253bb70, RSI=0x0000000000000001, RDI=0x0000000000000000
R8 =0x0000000000000000, R9 =0x00000001003934a8, R10=0x000001f75253bb70, R11=0x000001f766240000
R12=0x000000000000000c, R13=0xaaaaaaaaaaaaaaab, R14=0x0000000000000000, R15=0x000000008ba66e70
RIP=0x00007ffb041b23b4, EFLAGS=0x0000000000010246

Top of Stack: (sp=0x000000b931bff118)
0x000000b931bff118:   00007ffb043050ba 000000008ba67cd0
0x000000b931bff128:   0000000100787530 00000000000000ba
0x000000b931bff138:   0000000000000001 0000000100787538
0x000000b931bff148:   00007ffb04304f66 0000000100787530
0x000000b931bff158:   000000008ba67cd0 000001f752549cc0
0x000000b931bff168:   000000b931bff328 0000000000000000
0x000000b931bff178:   000000b931bff328 000000008ba66ea0
0x000000b931bff188:   00007ffb042fcdcd 0000000000000006
0x000000b931bff198:   000000008ba66e9c 000000008ba66d18
0x000000b931bff1a8:   000000008ba66d2c 000000b931bff300
0x000000b931bff1b8:   000001f752546501 0000000100786d88
0x000000b931bff1c8:   00007ffb042fc681 0000000000000006
0x000000b931bff1d8:   000000b931bff328 000000008ba66e70
0x000000b931bff1e8:   000000b931bff300 000000008ba66e70
0x000000b931bff1f8:   00007ffb0430ac0f 000001f752549cc0
0x000000b931bff208:   0000000001760000 000000b931bff300 

Instructions: (pc=0x00007ffb041b23b4)
0x00007ffb041b22b4:   0f 73 d9 08 66 48 0f 7e c8 48 85 c0 74 28 48 8b
0x00007ffb041b22c4:   01 48 8d 54 24 20 0f 29 44 24 20 ff 50 40 33 c0
0x00007ffb041b22d4:   48 89 44 24 20 48 89 44 24 28 0f 10 44 24 20 0f
0x00007ffb041b22e4:   11 83 98 03 00 00 48 83 c4 30 5b c3 48 8b 49 38
0x00007ffb041b22f4:   48 8b 01 48 ff 60 28 cc cc cc cc cc 80 3d d2 5e
0x00007ffb041b2304:   89 00 00 48 8b c1 74 1b 8b 51 08 8b 0d 03 cb 84
0x00007ffb041b2314:   00 48 d3 e2 48 8b c8 48 03 15 ee ca 84 00 e9 19
0x00007ffb041b2324:   00 00 00 48 8b 51 08 48 8b c8 e9 0d 00 00 00 cc
0x00007ffb041b2334:   cc cc cc cc cc cc cc cc cc cc cc cc 4c 8b ca 48
0x00007ffb041b2344:   8b d1 45 8b 41 08 45 85 c0 7e 0e 41 f6 c0 01 75
0x00007ffb041b2354:   59 41 c1 f8 03 41 8b c0 c3 79 4f 80 3d 73 5e 89
0x00007ffb041b2364:   00 00 b8 0c 00 00 00 b9 10 00 00 00 0f 45 c8 8b
0x00007ffb041b2374:   05 1b 14 83 00 ff c8 4c 63 c8 48 63 c1 41 8b c8
0x00007ffb041b2384:   83 e1 3f 48 63 14 10 41 8b c0 48 c1 f8 10 0f b6
0x00007ffb041b2394:   c0 48 d3 e2 49 8d 0c 11 49 f7 d1 48 03 c1 49 c1
0x00007ffb041b23a4:   e9 03 48 c1 e8 03 41 23 c1 c3 49 8b 01 49 8b c9
0x00007ffb041b23b4:   48 ff a0 10 01 00 00 cc cc cc cc cc 48 8b c2 c3
0x00007ffb041b23c4:   cc cc cc cc cc cc cc cc cc cc cc cc 48 83 ec 38
0x00007ffb041b23d4:   48 8b 41 38 80 78 08 00 74 00 0f 10 02 48 8b 49
0x00007ffb041b23e4:   38 48 8d 54 24 20 0f 29 44 24 20 e8 3c f0 ff ff
0x00007ffb041b23f4:   48 83 c4 38 c3 cc cc cc cc cc cc cc 48 83 ec 38
0x00007ffb041b2404:   0f 10 02 48 8b 01 48 8d 54 24 20 0f 29 44 24 20
0x00007ffb041b2414:   ff 50 38 48 83 c4 38 c3 cc cc cc cc 48 89 5c 24
0x00007ffb041b2424:   08 55 56 57 41 54 41 55 41 56 41 57 48 8d 6c 24
0x00007ffb041b2434:   e0 48 81 ec 20 01 00 00 48 8b 05 4d 51 86 00 48
0x00007ffb041b2444:   33 c4 48 89 45 10 48 8b 05 ff c7 88 00 45 33 ed
0x00007ffb041b2454:   4c 8b b5 80 00 00 00 4c 8b fa 48 8b bd 88 00 00
0x00007ffb041b2464:   00 4d 8b c6 49 8b d6 49 8b f1 48 8b 48 38 48 8b
0x00007ffb041b2474:   59 48 49 8b cf c7 45 c0 ff ff ff ff 44 89 6d d4
0x00007ffb041b2484:   4c 89 6d d8 44 88 6d e0 c7 45 e8 ff ff ff ff 44
0x00007ffb041b2494:   89 6d fc 4c 89 6d 00 44 88 6d 08 e8 dc 05 f6 ff
0x00007ffb041b24a4:   41 b1 01 4c 8d 45 e8 41 8d 55 04 49 8b cf e8 59 


Stack slot to memory mapping:
stack at sp + 0 slots: 0x00007ffb043050ba jvm.dll
stack at sp + 1 slots: 0x000000008ba67cd0 is an oop: 
[error occurred during error reporting (inspecting top of stack), id 0xc0000005, EXCEPTION_ACCESS_VIOLATION (0xc0000005) at pc=0x00007ffb0461ca6d]


---------------  P R O C E S S  ---------------

Threads class SMR info:
_java_thread_list=0x000001f776b7e500, length=92, elements={
0x000001f7524fb000, 0x000001f76c894000, 0x000001f76c895800, 0x000001f76d0ea800,
0x000001f76d0ec800, 0x000001f76d0ee000, 0x000001f76d0f3800, 0x000001f76d0fa000,
0x000001f76d0fc000, 0x000001f76d255000, 0x000001f76ed4e000, 0x000001f76e5f6800,
0x000001f76f88e800, 0x000001f76fd76800, 0x000001f76fd78000, 0x000001f76fd77000,
0x000001f76fd7a800, 0x000001f76fd79000, 0x000001f76fd79800, 0x000001f76fd74800,
0x000001f76fd7b800, 0x000001f76fd75800, 0x000001f7707fa000, 0x000001f7707fa800,
0x000001f76e6e0800, 0x000001f76e8e5000, 0x000001f76e479800, 0x000001f76e47d800,
0x000001f76e47c800, 0x000001f76e478800, 0x000001f7707f8000, 0x000001f7707f9000,
0x000001f7707f6000, 0x000001f7707fc800, 0x000001f7707f6800, 0x000001f7707fd000,
0x000001f770800800, 0x000001f770803000, 0x000001f770803800, 0x000001f7707fe000,
0x000001f770804800, 0x000001f7707ff800, 0x000001f770801000, 0x000001f770802000,
0x000001f76d1d0800, 0x000001f76d1cf000, 0x000001f76d1d4800, 0x000001f76d1d3000,
0x000001f76d1d3800, 0x000001f76d1d2000, 0x000001f76d1d5800, 0x000001f76d1cf800,
0x000001f76d1d9800, 0x000001f76d1da800, 0x000001f76d1db000, 0x000001f76d1d7000,
0x000001f76d1dc000, 0x000001f76d1d6000, 0x000001f76d1d8000, 0x000001f76d1dc800,
0x000001f76d1dd800, 0x000001f76d1d8800, 0x000001f76e6d9000, 0x000001f76e6db800,
0x000001f76e6dc000, 0x000001f76e6dd000, 0x000001f76e6d9800, 0x000001f76e6da800,
0x000001f76e6d8000, 0x000001f76e6e2000, 0x000001f76e6de800, 0x000001f76e6de000,
0x000001f76e6e2800, 0x000001f76e6e3800, 0x000001f76e6e4800, 0x000001f76e6e5000,
0x000001f76e6df800, 0x000001f76e6e6000, 0x000001f76e6e7000, 0x000001f76e8d9000,
0x000001f76e8db800, 0x000001f76e8d9800, 0x000001f76e8d7800, 0x000001f76e8dc000,
0x000001f76e8d8000, 0x000001f76e8da800, 0x000001f76e8d6800, 0x000001f76e8e2800,
0x000001f76e8de000, 0x000001f76e8dd000, 0x000001f775028000, 0x000001f76e8de800
}

Java Threads: ( => current thread )
  0x000001f7524fb000 JavaThread "main" [_thread_blocked, id=8940, stack(0x000000b931800000,0x000000b931900000)]
  0x000001f76c894000 JavaThread "Reference Handler" daemon [_thread_blocked, id=1700, stack(0x000000b931f00000,0x000000b932000000)]
  0x000001f76c895800 JavaThread "Finalizer" daemon [_thread_blocked, id=2476, stack(0x000000b932000000,0x000000b932100000)]
  0x000001f76d0ea800 JavaThread "Signal Dispatcher" daemon [_thread_blocked, id=2132, stack(0x000000b932100000,0x000000b932200000)]
  0x000001f76d0ec800 JavaThread "Attach Listener" daemon [_thread_blocked, id=4472, stack(0x000000b932200000,0x000000b932300000)]
  0x000001f76d0ee000 JavaThread "Service Thread" daemon [_thread_blocked, id=4424, stack(0x000000b932300000,0x000000b932400000)]
  0x000001f76d0f3800 JavaThread "C2 CompilerThread0" daemon [_thread_in_native, id=4280, stack(0x000000b932400000,0x000000b932500000)]
  0x000001f76d0fa000 JavaThread "C1 CompilerThread0" daemon [_thread_blocked, id=4836, stack(0x000000b932500000,0x000000b932600000)]
  0x000001f76d0fc000 JavaThread "Sweeper thread" daemon [_thread_blocked, id=1288, stack(0x000000b932600000,0x000000b932700000)]
  0x000001f76d255000 JavaThread "Common-Cleaner" daemon [_thread_blocked, id=8700, stack(0x000000b932700000,0x000000b932800000)]
  0x000001f76ed4e000 JavaThread "Daemon health stats" [_thread_blocked, id=8896, stack(0x000000b932d00000,0x000000b932e00000)]
  0x000001f76e5f6800 JavaThread "Incoming local TCP Connector on port 63228" [_thread_in_native, id=3196, stack(0x000000b932e00000,0x000000b932f00000)]
  0x000001f76f88e800 JavaThread "Daemon periodic checks" [_thread_blocked, id=1684, stack(0x000000b932f00000,0x000000b933000000)]
  0x000001f76fd76800 JavaThread "Cache worker for journal cache (C:\Users\PCarre침o\.gradle\caches\journal-1)" [_thread_blocked, id=1712, stack(0x000000b933700000,0x000000b933800000)]
  0x000001f76fd78000 JavaThread "File lock request listener" [_thread_in_native, id=2412, stack(0x000000b933800000,0x000000b933900000)]
  0x000001f76fd77000 JavaThread "Cache worker for file hash cache (C:\Users\PCarre침o\.gradle\caches\7.4\fileHashes)" [_thread_blocked, id=8500, stack(0x000000b933900000,0x000000b933a00000)]
  0x000001f76fd7a800 JavaThread "File watcher server" daemon [_thread_in_native, id=4760, stack(0x000000b933a00000,0x000000b933b00000)]
  0x000001f76fd79000 JavaThread "File watcher consumer" daemon [_thread_blocked, id=8504, stack(0x000000b933b00000,0x000000b933c00000)]
  0x000001f76fd79800 JavaThread "jar transforms" [_thread_blocked, id=1668, stack(0x000000b933c00000,0x000000b933d00000)]
  0x000001f76fd74800 JavaThread "jar transforms Thread 2" [_thread_blocked, id=8356, stack(0x000000b933d00000,0x000000b933e00000)]
  0x000001f76fd7b800 JavaThread "jar transforms Thread 3" [_thread_blocked, id=1992, stack(0x000000b933e00000,0x000000b933f00000)]
  0x000001f76fd75800 JavaThread "jar transforms Thread 4" [_thread_blocked, id=8300, stack(0x000000b933f00000,0x000000b934000000)]
  0x000001f7707fa000 JavaThread "Cache worker for execution history cache (C:\Users\PCarre침o\.gradle\caches\7.4\executionHistory)" [_thread_blocked, id=8272, stack(0x000000b934400000,0x000000b934500000)]
  0x000001f7707fa800 JavaThread "Cache worker for file content cache (C:\Users\PCarre침o\.gradle\caches\7.4\fileContent)" [_thread_blocked, id=8832, stack(0x000000b934500000,0x000000b934600000)]
  0x000001f76e6e0800 JavaThread "Memory manager" [_thread_blocked, id=6640, stack(0x000000b937000000,0x000000b937100000)]
  0x000001f76e8e5000 JavaThread "RMI Scheduler(0)" daemon [_thread_blocked, id=5656, stack(0x000000b934200000,0x000000b934300000)]
  0x000001f76e479800 JavaThread "RMI GC Daemon" daemon [_thread_blocked, id=8364, stack(0x000000b937e00000,0x000000b937f00000)]
  0x000001f76e47d800 JavaThread "RMI TCP Accept-0" daemon [_thread_in_native, id=8236, stack(0x000000b937f00000,0x000000b938000000)]
  0x000001f76e47c800 JavaThread "RMI Reaper" [_thread_blocked, id=8692, stack(0x000000b938000000,0x000000b938100000)]
  0x000001f76e478800 JavaThread "Cache worker for Java compile cache (C:\Users\PCarre침o\.gradle\caches\7.4\javaCompile)" [_thread_blocked, id=2368, stack(0x000000b938300000,0x000000b938400000)]
  0x000001f7707f8000 JavaThread "ForkJoinPool.commonPool-worker-1" daemon [_thread_blocked, id=8768, stack(0x000000b938800000,0x000000b938900000)]
  0x000001f7707f9000 JavaThread "Daemon Thread 13" [_thread_blocked, id=5240, stack(0x000000b931500000,0x000000b931600000)]
  0x000001f7707f6000 JavaThread "Handler for socket connection from /127.0.0.1:63228 to /127.0.0.1:49358" [_thread_in_native, id=3908, stack(0x000000b931600000,0x000000b931700000)]
  0x000001f7707fc800 JavaThread "Cancel handler" [_thread_blocked, id=8444, stack(0x000000b931700000,0x000000b931800000)]
  0x000001f7707f6800 JavaThread "Daemon worker Thread 13" [_thread_blocked, id=3452, stack(0x000000b932900000,0x000000b932a00000)]
  0x000001f7707fd000 JavaThread "Asynchronous log dispatcher for DefaultDaemonConnection: socket connection from /127.0.0.1:63228 to /127.0.0.1:49358" [_thread_in_native, id=7104, stack(0x000000b933000000,0x000000b933100000)]
  0x000001f770800800 JavaThread "Stdin handler" [_thread_blocked, id=2544, stack(0x000000b933100000,0x000000b933200000)]
  0x000001f770803000 JavaThread "Daemon client event forwarder" [_thread_blocked, id=7128, stack(0x000000b933200000,0x000000b933300000)]
  0x000001f770803800 JavaThread "Cache worker for checksums cache (E:\Otros\Proyecto-A.M\Sistema_de_reserva\.gradle\7.4\checksums)" [_thread_blocked, id=8984, stack(0x000000b933300000,0x000000b933400000)]
  0x000001f7707fe000 JavaThread "Cache worker for cache directory md-rule (C:\Users\PCarre침o\.gradle\caches\7.4\md-rule)" [_thread_blocked, id=4224, stack(0x000000b933400000,0x000000b933500000)]
  0x000001f770804800 JavaThread "Cache worker for file hash cache (E:\Otros\Proyecto-A.M\Sistema_de_reserva\.gradle\7.4\fileHashes)" [_thread_in_native, id=8868, stack(0x000000b933500000,0x000000b933600000)]
  0x000001f7707ff800 JavaThread "Cache worker for cache directory md-supplier (C:\Users\PCarre침o\.gradle\caches\7.4\md-supplier)" [_thread_blocked, id=6888, stack(0x000000b933600000,0x000000b933700000)]
  0x000001f770801000 JavaThread "Cache worker for dependencies-accessors (E:\Otros\Proyecto-A.M\Sistema_de_reserva\.gradle\7.4\dependencies-accessors)" [_thread_blocked, id=7980, stack(0x000000b934000000,0x000000b934100000)]
  0x000001f770802000 JavaThread "Cache worker for Build Output Cleanup Cache (E:\Otros\Proyecto-A.M\Sistema_de_reserva\.gradle\buildOutputCleanup)" [_thread_blocked, id=2308, stack(0x000000b934100000,0x000000b934200000)]
  0x000001f76d1d0800 JavaThread "Unconstrained build operations" [_thread_blocked, id=6400, stack(0x000000b934300000,0x000000b934400000)]
  0x000001f76d1cf000 JavaThread "Unconstrained build operations Thread 2" [_thread_blocked, id=2740, stack(0x000000b934600000,0x000000b934700000)]
  0x000001f76d1d4800 JavaThread "Unconstrained build operations Thread 3" [_thread_blocked, id=7356, stack(0x000000b934700000,0x000000b934800000)]
  0x000001f76d1d3000 JavaThread "Unconstrained build operations Thread 4" [_thread_blocked, id=8960, stack(0x000000b934800000,0x000000b934900000)]
  0x000001f76d1d3800 JavaThread "Unconstrained build operations Thread 5" [_thread_blocked, id=5456, stack(0x000000b934900000,0x000000b934a00000)]
  0x000001f76d1d2000 JavaThread "Unconstrained build operations Thread 6" [_thread_blocked, id=4868, stack(0x000000b934a00000,0x000000b934b00000)]
  0x000001f76d1d5800 JavaThread "Unconstrained build operations Thread 7" [_thread_blocked, id=6228, stack(0x000000b934b00000,0x000000b934c00000)]
  0x000001f76d1cf800 JavaThread "Unconstrained build operations Thread 8" [_thread_blocked, id=7868, stack(0x000000b934c00000,0x000000b934d00000)]
  0x000001f76d1d9800 JavaThread "Unconstrained build operations Thread 9" [_thread_blocked, id=4932, stack(0x000000b934d00000,0x000000b934e00000)]
  0x000001f76d1da800 JavaThread "Unconstrained build operations Thread 10" [_thread_blocked, id=4236, stack(0x000000b934e00000,0x000000b934f00000)]
  0x000001f76d1db000 JavaThread "Unconstrained build operations Thread 11" [_thread_blocked, id=4872, stack(0x000000b934f00000,0x000000b935000000)]
  0x000001f76d1d7000 JavaThread "Unconstrained build operations Thread 12" [_thread_blocked, id=2800, stack(0x000000b935000000,0x000000b935100000)]
  0x000001f76d1dc000 JavaThread "Unconstrained build operations Thread 13" [_thread_blocked, id=7196, stack(0x000000b935100000,0x000000b935200000)]
  0x000001f76d1d6000 JavaThread "Unconstrained build operations Thread 14" [_thread_blocked, id=7864, stack(0x000000b935200000,0x000000b935300000)]
  0x000001f76d1d8000 JavaThread "Unconstrained build operations Thread 15" [_thread_blocked, id=5380, stack(0x000000b935300000,0x000000b935400000)]
  0x000001f76d1dc800 JavaThread "Unconstrained build operations Thread 16" [_thread_blocked, id=8368, stack(0x000000b935400000,0x000000b935500000)]
  0x000001f76d1dd800 JavaThread "Unconstrained build operations Thread 17" [_thread_blocked, id=1760, stack(0x000000b935500000,0x000000b935600000)]
  0x000001f76d1d8800 JavaThread "Unconstrained build operations Thread 18" [_thread_blocked, id=8776, stack(0x000000b935600000,0x000000b935700000)]
  0x000001f76e6d9000 JavaThread "Unconstrained build operations Thread 19" [_thread_blocked, id=8852, stack(0x000000b935700000,0x000000b935800000)]
  0x000001f76e6db800 JavaThread "Unconstrained build operations Thread 20" [_thread_blocked, id=8348, stack(0x000000b935800000,0x000000b935900000)]
  0x000001f76e6dc000 JavaThread "Unconstrained build operations Thread 21" [_thread_blocked, id=8488, stack(0x000000b935900000,0x000000b935a00000)]
  0x000001f76e6dd000 JavaThread "Unconstrained build operations Thread 22" [_thread_blocked, id=5616, stack(0x000000b935a00000,0x000000b935b00000)]
  0x000001f76e6d9800 JavaThread "Unconstrained build operations Thread 23" [_thread_blocked, id=2272, stack(0x000000b935b00000,0x000000b935c00000)]
  0x000001f76e6da800 JavaThread "Unconstrained build operations Thread 24" [_thread_blocked, id=6128, stack(0x000000b935c00000,0x000000b935d00000)]
  0x000001f76e6d8000 JavaThread "Unconstrained build operations Thread 25" [_thread_blocked, id=8244, stack(0x000000b935d00000,0x000000b935e00000)]
  0x000001f76e6e2000 JavaThread "Unconstrained build operations Thread 26" [_thread_blocked, id=4680, stack(0x000000b935e00000,0x000000b935f00000)]
  0x000001f76e6de800 JavaThread "Unconstrained build operations Thread 27" [_thread_blocked, id=1936, stack(0x000000b935f00000,0x000000b936000000)]
  0x000001f76e6de000 JavaThread "Unconstrained build operations Thread 28" [_thread_blocked, id=9020, stack(0x000000b936000000,0x000000b936100000)]
  0x000001f76e6e2800 JavaThread "Unconstrained build operations Thread 29" [_thread_blocked, id=5648, stack(0x000000b936100000,0x000000b936200000)]
  0x000001f76e6e3800 JavaThread "Unconstrained build operations Thread 30" [_thread_blocked, id=1352, stack(0x000000b936200000,0x000000b936300000)]
  0x000001f76e6e4800 JavaThread "Unconstrained build operations Thread 31" [_thread_blocked, id=7096, stack(0x000000b936300000,0x000000b936400000)]
  0x000001f76e6e5000 JavaThread "Unconstrained build operations Thread 32" [_thread_blocked, id=1452, stack(0x000000b936400000,0x000000b936500000)]
  0x000001f76e6df800 JavaThread "Unconstrained build operations Thread 33" [_thread_blocked, id=9032, stack(0x000000b936500000,0x000000b936600000)]
  0x000001f76e6e6000 JavaThread "Unconstrained build operations Thread 34" [_thread_blocked, id=5244, stack(0x000000b936600000,0x000000b936700000)]
  0x000001f76e6e7000 JavaThread "Unconstrained build operations Thread 35" [_thread_blocked, id=8976, stack(0x000000b936700000,0x000000b936800000)]
  0x000001f76e8d9000 JavaThread "Unconstrained build operations Thread 36" [_thread_blocked, id=8280, stack(0x000000b936800000,0x000000b936900000)]
  0x000001f76e8db800 JavaThread "Unconstrained build operations Thread 37" [_thread_blocked, id=6404, stack(0x000000b936900000,0x000000b936a00000)]
  0x000001f76e8d9800 JavaThread "Unconstrained build operations Thread 38" [_thread_blocked, id=8256, stack(0x000000b936a00000,0x000000b936b00000)]
  0x000001f76e8d7800 JavaThread "Unconstrained build operations Thread 39" [_thread_blocked, id=9036, stack(0x000000b936b00000,0x000000b936c00000)]
  0x000001f76e8dc000 JavaThread "Unconstrained build operations Thread 40" [_thread_blocked, id=3564, stack(0x000000b936c00000,0x000000b936d00000)]
  0x000001f76e8d8000 JavaThread "build event listener" [_thread_blocked, id=236, stack(0x000000b936d00000,0x000000b936e00000)]
  0x000001f76e8da800 JavaThread "included builds" [_thread_in_native, id=3836, stack(0x000000b936e00000,0x000000b936f00000)]
  0x000001f76e8d6800 JavaThread "Execution worker for ':'" [_thread_blocked, id=5568, stack(0x000000b936f00000,0x000000b937000000)]
  0x000001f76e8e2800 JavaThread "Execution worker for ':' Thread 2" [_thread_in_Java, id=4448, stack(0x000000b937100000,0x000000b937200000)]
  0x000001f76e8de000 JavaThread "Execution worker for ':' Thread 3" [_thread_blocked, id=6604, stack(0x000000b937200000,0x000000b937300000)]
  0x000001f76e8dd000 JavaThread "Cache worker for execution history cache (E:\Otros\Proyecto-A.M\Sistema_de_reserva\.gradle\7.4\executionHistory)" [_thread_blocked, id=4676, stack(0x000000b937300000,0x000000b937400000)]
  0x000001f775028000 JavaThread "C2 CompilerThread1" daemon [_thread_in_native, id=8616, stack(0x000000b937500000,0x000000b937600000)]
  0x000001f76e8de800 JavaThread "WorkerExecutor Queue" [_thread_blocked, id=7520, stack(0x000000b937600000,0x000000b937700000)]

Other Threads:
  0x000001f76c87d800 VMThread "VM Thread" [stack: 0x000000b931e00000,0x000000b931f00000] [id=2676]
  0x000001f76d25e800 WatcherThread [stack: 0x000000b932800000,0x000000b932900000] [id=3608]
  0x000001f752513800 GCTaskThread "GC Thread#0" [stack: 0x000000b931900000,0x000000b931a00000] [id=7992]
  0x000001f76dc0e800 GCTaskThread "GC Thread#1" [stack: 0x000000b932a00000,0x000000b932b00000] [id=4084]
  0x000001f76d657800 GCTaskThread "GC Thread#2" [stack: 0x000000b932b00000,0x000000b932c00000] [id=8764]
  0x000001f76d956800 GCTaskThread "GC Thread#3" [stack: 0x000000b932c00000,0x000000b932d00000] [id=8712]
  0x000001f752544800 ConcurrentGCThread "G1 Main Marker" [stack: 0x000000b931a00000,0x000000b931b00000] [id=9016]
=>0x000001f752546000 ConcurrentGCThread "G1 Conc#0" [stack: 0x000000b931b00000,0x000000b931c00000] [id=6476]
  0x000001f7525de000 ConcurrentGCThread "G1 Refine#0" [stack: 0x000000b931c00000,0x000000b931d00000] [id=7672]
  0x000001f7766f0000 ConcurrentGCThread "G1 Refine#1" [stack: 0x000000b937400000,0x000000b937500000] [id=1248]
  0x000001f76c6d0800 ConcurrentGCThread "G1 Young RemSet Sampling" [stack: 0x000000b931d00000,0x000000b931e00000] [id=8048]

Threads with active compile tasks:
C2 CompilerThread04211056 29432   !   4       com.android.ide.common.resources.DataMerger::mergeData (611 bytes)
C2 CompilerThread14211056 29451   !   4       java.nio.file.FileTreeWalker::next (144 bytes)

VM state:not at safepoint (normal execution)

VM Mutex/Monitor currently owned by a thread: None

Heap address: 0x0000000080000000, size: 2048 MB, Compressed Oops mode: 32-bit
Narrow klass base: 0x0000000000000000, Narrow klass shift: 3
Compressed class space size: 1073741824 Address: 0x0000000100000000

Heap:
 garbage-first heap   total 279552K, used 228864K [0x0000000080000000, 0x0000000100000000)
  region size 1024K, 8 young (8192K), 4 survivors (4096K)
 Metaspace       used 147411K, capacity 152759K, committed 157696K, reserved 1185792K
  class space    used 18210K, capacity 20090K, committed 20736K, reserved 1048576K
Heap Regions: E=young(eden), S=young(survivor), O=old, HS=humongous(starts), HC=humongous(continues), CS=collection set, F=free, A=archive, TAMS=top-at-mark-start (previous, next)
|   0|0x0000000080000000, 0x0000000080100000, 0x0000000080100000|100%|HS|  |TAMS 0x0000000080100000, 0x0000000080100000| Complete 
|   1|0x0000000080100000, 0x0000000080200000, 0x0000000080200000|100%|HC|  |TAMS 0x0000000080200000, 0x0000000080200000| Complete 
|   2|0x0000000080200000, 0x0000000080300000, 0x0000000080300000|100%|HC|  |TAMS 0x0000000080300000, 0x0000000080300000| Complete 
|   3|0x0000000080300000, 0x0000000080400000, 0x0000000080400000|100%| O|  |TAMS 0x0000000080400000, 0x0000000080400000| Untracked 
|   4|0x0000000080400000, 0x0000000080500000, 0x0000000080500000|100%| O|  |TAMS 0x0000000080500000, 0x0000000080500000| Untracked 
|   5|0x0000000080500000, 0x0000000080600000, 0x0000000080600000|100%| O|  |TAMS 0x0000000080600000, 0x0000000080600000| Untracked 
|   6|0x0000000080600000, 0x0000000080700000, 0x0000000080700000|100%| O|  |TAMS 0x0000000080700000, 0x0000000080700000| Untracked 
|   7|0x0000000080700000, 0x0000000080800000, 0x0000000080800000|100%| O|  |TAMS 0x0000000080800000, 0x0000000080800000| Untracked 
|   8|0x0000000080800000, 0x0000000080900000, 0x0000000080900000|100%| O|  |TAMS 0x0000000080900000, 0x0000000080900000| Untracked 
|   9|0x0000000080900000, 0x0000000080a00000, 0x0000000080a00000|100%| O|  |TAMS 0x0000000080a00000, 0x0000000080a00000| Untracked 
|  10|0x0000000080a00000, 0x0000000080b00000, 0x0000000080b00000|100%| O|  |TAMS 0x0000000080b00000, 0x0000000080b00000| Untracked 
|  11|0x0000000080b00000, 0x0000000080c00000, 0x0000000080c00000|100%| O|  |TAMS 0x0000000080c00000, 0x0000000080c00000| Untracked 
|  12|0x0000000080c00000, 0x0000000080d00000, 0x0000000080d00000|100%| O|  |TAMS 0x0000000080c00000, 0x0000000080d00000| Untracked 
|  13|0x0000000080d00000, 0x0000000080e00000, 0x0000000080e00000|100%| O|  |TAMS 0x0000000080e00000, 0x0000000080e00000| Untracked 
|  14|0x0000000080e00000, 0x0000000080f00000, 0x0000000080f00000|100%| O|  |TAMS 0x0000000080f00000, 0x0000000080f00000| Untracked 
|  15|0x0000000080f00000, 0x0000000081000000, 0x0000000081000000|100%| O|  |TAMS 0x0000000081000000, 0x0000000081000000| Untracked 
|  16|0x0000000081000000, 0x0000000081100000, 0x0000000081100000|100%|HS|  |TAMS 0x0000000081100000, 0x0000000081100000| Complete 
|  17|0x0000000081100000, 0x0000000081200000, 0x0000000081200000|100%|HC|  |TAMS 0x0000000081200000, 0x0000000081200000| Complete 
|  18|0x0000000081200000, 0x0000000081300000, 0x0000000081300000|100%|HS|  |TAMS 0x0000000081300000, 0x0000000081300000| Complete 
|  19|0x0000000081300000, 0x0000000081400000, 0x0000000081400000|100%|HC|  |TAMS 0x0000000081400000, 0x0000000081400000| Complete 
|  20|0x0000000081400000, 0x0000000081500000, 0x0000000081500000|100%|HC|  |TAMS 0x0000000081500000, 0x0000000081500000| Complete 
|  21|0x0000000081500000, 0x0000000081600000, 0x0000000081600000|100%|HS|  |TAMS 0x0000000081600000, 0x0000000081600000| Complete 
|  22|0x0000000081600000, 0x0000000081700000, 0x0000000081700000|100%|HC|  |TAMS 0x0000000081700000, 0x0000000081700000| Complete 
|  23|0x0000000081700000, 0x0000000081800000, 0x0000000081800000|100%|HC|  |TAMS 0x0000000081800000, 0x0000000081800000| Complete 
|  24|0x0000000081800000, 0x0000000081900000, 0x0000000081900000|100%|HS|  |TAMS 0x0000000081900000, 0x0000000081900000| Complete 
|  25|0x0000000081900000, 0x0000000081a00000, 0x0000000081a00000|100%|HC|  |TAMS 0x0000000081a00000, 0x0000000081a00000| Complete 
|  26|0x0000000081a00000, 0x0000000081b00000, 0x0000000081b00000|100%|HC|  |TAMS 0x0000000081b00000, 0x0000000081b00000| Complete 
|  27|0x0000000081b00000, 0x0000000081c00000, 0x0000000081c00000|100%|HC|  |TAMS 0x0000000081c00000, 0x0000000081c00000| Complete 
|  28|0x0000000081c00000, 0x0000000081d00000, 0x0000000081d00000|100%|HS|  |TAMS 0x0000000081d00000, 0x0000000081d00000| Complete 
|  29|0x0000000081d00000, 0x0000000081e00000, 0x0000000081e00000|100%|HC|  |TAMS 0x0000000081e00000, 0x0000000081e00000| Complete 
|  30|0x0000000081e00000, 0x0000000081f00000, 0x0000000081f00000|100%|HC|  |TAMS 0x0000000081f00000, 0x0000000081f00000| Complete 
|  31|0x0000000081f00000, 0x0000000082000000, 0x0000000082000000|100%|HC|  |TAMS 0x0000000082000000, 0x0000000082000000| Complete 
|  32|0x0000000082000000, 0x0000000082100000, 0x0000000082100000|100%|HC|  |TAMS 0x0000000082100000, 0x0000000082100000| Complete 
|  33|0x0000000082100000, 0x0000000082200000, 0x0000000082200000|100%|HS|  |TAMS 0x0000000082200000, 0x0000000082200000| Complete 
|  34|0x0000000082200000, 0x0000000082300000, 0x0000000082300000|100%|HC|  |TAMS 0x0000000082300000, 0x0000000082300000| Complete 
|  35|0x0000000082300000, 0x0000000082400000, 0x0000000082400000|100%|HC|  |TAMS 0x0000000082400000, 0x0000000082400000| Complete 
|  36|0x0000000082400000, 0x0000000082500000, 0x0000000082500000|100%| O|  |TAMS 0x0000000082500000, 0x0000000082500000| Untracked 
|  37|0x0000000082500000, 0x0000000082600000, 0x0000000082600000|100%| O|  |TAMS 0x0000000082600000, 0x0000000082600000| Untracked 
|  38|0x0000000082600000, 0x0000000082700000, 0x0000000082700000|100%| O|  |TAMS 0x0000000082700000, 0x0000000082700000| Untracked 
|  39|0x0000000082700000, 0x0000000082800000, 0x0000000082800000|100%| O|  |TAMS 0x0000000082800000, 0x0000000082800000| Untracked 
|  40|0x0000000082800000, 0x0000000082900000, 0x0000000082900000|100%|HS|  |TAMS 0x0000000082900000, 0x0000000082900000| Complete 
|  41|0x0000000082900000, 0x0000000082a00000, 0x0000000082a00000|100%|HC|  |TAMS 0x0000000082a00000, 0x0000000082a00000| Complete 
|  42|0x0000000082a00000, 0x0000000082b00000, 0x0000000082b00000|100%|HC|  |TAMS 0x0000000082b00000, 0x0000000082b00000| Complete 
|  43|0x0000000082b00000, 0x0000000082c00000, 0x0000000082c00000|100%|HC|  |TAMS 0x0000000082c00000, 0x0000000082c00000| Complete 
|  44|0x0000000082c00000, 0x0000000082d00000, 0x0000000082d00000|100%|HS|  |TAMS 0x0000000082d00000, 0x0000000082d00000| Complete 
|  45|0x0000000082d00000, 0x0000000082e00000, 0x0000000082e00000|100%|HC|  |TAMS 0x0000000082e00000, 0x0000000082e00000| Complete 
|  46|0x0000000082e00000, 0x0000000082f00000, 0x0000000082f00000|100%|HS|  |TAMS 0x0000000082f00000, 0x0000000082f00000| Complete 
|  47|0x0000000082f00000, 0x0000000083000000, 0x0000000083000000|100%|HC|  |TAMS 0x0000000083000000, 0x0000000083000000| Complete 
|  48|0x0000000083000000, 0x0000000083100000, 0x0000000083100000|100%|HC|  |TAMS 0x0000000083100000, 0x0000000083100000| Complete 
|  49|0x0000000083100000, 0x0000000083200000, 0x0000000083200000|100%|HS|  |TAMS 0x0000000083200000, 0x0000000083200000| Complete 
|  50|0x0000000083200000, 0x0000000083300000, 0x0000000083300000|100%|HS|  |TAMS 0x0000000083300000, 0x0000000083300000| Complete 
|  51|0x0000000083300000, 0x0000000083400000, 0x0000000083400000|100%|HC|  |TAMS 0x0000000083400000, 0x0000000083400000| Complete 
|  52|0x0000000083400000, 0x0000000083500000, 0x0000000083500000|100%|HC|  |TAMS 0x0000000083500000, 0x0000000083500000| Complete 
|  53|0x0000000083500000, 0x0000000083600000, 0x0000000083600000|100%|HC|  |TAMS 0x0000000083600000, 0x0000000083600000| Complete 
|  54|0x0000000083600000, 0x0000000083700000, 0x0000000083700000|100%|HC|  |TAMS 0x0000000083700000, 0x0000000083700000| Complete 
|  55|0x0000000083700000, 0x0000000083800000, 0x0000000083800000|100%| O|  |TAMS 0x0000000083800000, 0x0000000083800000| Untracked 
|  56|0x0000000083800000, 0x0000000083900000, 0x0000000083900000|100%| O|  |TAMS 0x0000000083900000, 0x0000000083900000| Untracked 
|  57|0x0000000083900000, 0x0000000083a00000, 0x0000000083a00000|100%| O|  |TAMS 0x0000000083a00000, 0x0000000083a00000| Untracked 
|  58|0x0000000083a00000, 0x0000000083b00000, 0x0000000083b00000|100%| O|  |TAMS 0x0000000083b00000, 0x0000000083b00000| Untracked 
|  59|0x0000000083b00000, 0x0000000083c00000, 0x0000000083c00000|100%| O|  |TAMS 0x0000000083c00000, 0x0000000083c00000| Untracked 
|  60|0x0000000083c00000, 0x0000000083d00000, 0x0000000083d00000|100%| O|  |TAMS 0x0000000083d00000, 0x0000000083d00000| Untracked 
|  61|0x0000000083d00000, 0x0000000083e00000, 0x0000000083e00000|100%|HS|  |TAMS 0x0000000083e00000, 0x0000000083e00000| Complete 
|  62|0x0000000083e00000, 0x0000000083f00000, 0x0000000083f00000|100%|HS|  |TAMS 0x0000000083f00000, 0x0000000083f00000| Complete 
|  63|0x0000000083f00000, 0x0000000084000000, 0x0000000084000000|100%|HS|  |TAMS 0x0000000084000000, 0x0000000084000000| Complete 
|  64|0x0000000084000000, 0x0000000084100000, 0x0000000084100000|100%|HC|  |TAMS 0x0000000084100000, 0x0000000084100000| Complete 
|  65|0x0000000084100000, 0x0000000084200000, 0x0000000084200000|100%|HC|  |TAMS 0x0000000084200000, 0x0000000084200000| Complete 
|  66|0x0000000084200000, 0x0000000084300000, 0x0000000084300000|100%|HS|  |TAMS 0x0000000084300000, 0x0000000084300000| Complete 
|  67|0x0000000084300000, 0x0000000084400000, 0x0000000084400000|100%|HS|  |TAMS 0x0000000084400000, 0x0000000084400000| Complete 
|  68|0x0000000084400000, 0x0000000084500000, 0x0000000084500000|100%|HC|  |TAMS 0x0000000084500000, 0x0000000084500000| Complete 
|  69|0x0000000084500000, 0x0000000084600000, 0x0000000084600000|100%| O|  |TAMS 0x0000000084600000, 0x0000000084600000| Untracked 
|  70|0x0000000084600000, 0x0000000084700000, 0x0000000084700000|100%| O|  |TAMS 0x0000000084600000, 0x0000000084700000| Untracked 
|  71|0x0000000084700000, 0x0000000084800000, 0x0000000084800000|100%| O|  |TAMS 0x0000000084800000, 0x0000000084800000| Untracked 
|  72|0x0000000084800000, 0x0000000084900000, 0x0000000084900000|100%| O|  |TAMS 0x0000000084900000, 0x0000000084900000| Untracked 
|  73|0x0000000084900000, 0x0000000084a00000, 0x0000000084a00000|100%| O|  |TAMS 0x0000000084a00000, 0x0000000084a00000| Untracked 
|  74|0x0000000084a00000, 0x0000000084b00000, 0x0000000084b00000|100%|HS|  |TAMS 0x0000000084b00000, 0x0000000084b00000| Complete 
|  75|0x0000000084b00000, 0x0000000084c00000, 0x0000000084c00000|100%|HC|  |TAMS 0x0000000084c00000, 0x0000000084c00000| Complete 
|  76|0x0000000084c00000, 0x0000000084d00000, 0x0000000084d00000|100%|HS|  |TAMS 0x0000000084d00000, 0x0000000084d00000| Complete 
|  77|0x0000000084d00000, 0x0000000084e00000, 0x0000000084e00000|100%|HC|  |TAMS 0x0000000084e00000, 0x0000000084e00000| Complete 
|  78|0x0000000084e00000, 0x0000000084f00000, 0x0000000084f00000|100%|HC|  |TAMS 0x0000000084f00000, 0x0000000084f00000| Complete 
|  79|0x0000000084f00000, 0x0000000085000000, 0x0000000085000000|100%|HS|  |TAMS 0x0000000085000000, 0x0000000085000000| Complete 
|  80|0x0000000085000000, 0x0000000085100000, 0x0000000085100000|100%| O|  |TAMS 0x0000000085100000, 0x0000000085100000| Untracked 
|  81|0x0000000085100000, 0x0000000085200000, 0x0000000085200000|100%| O|  |TAMS 0x0000000085200000, 0x0000000085200000| Untracked 
|  82|0x0000000085200000, 0x0000000085300000, 0x0000000085300000|100%| O|  |TAMS 0x0000000085300000, 0x0000000085300000| Untracked 
|  83|0x0000000085300000, 0x0000000085400000, 0x0000000085400000|100%| O|  |TAMS 0x0000000085400000, 0x0000000085400000| Untracked 
|  84|0x0000000085400000, 0x0000000085500000, 0x0000000085500000|100%| O|  |TAMS 0x0000000085500000, 0x0000000085500000| Untracked 
|  85|0x0000000085500000, 0x0000000085600000, 0x0000000085600000|100%| O|  |TAMS 0x0000000085600000, 0x0000000085600000| Untracked 
|  86|0x0000000085600000, 0x0000000085700000, 0x0000000085700000|100%| O|  |TAMS 0x0000000085700000, 0x0000000085700000| Untracked 
|  87|0x0000000085700000, 0x0000000085800000, 0x0000000085800000|100%| O|  |TAMS 0x0000000085800000, 0x0000000085800000| Untracked 
|  88|0x0000000085800000, 0x0000000085900000, 0x0000000085900000|100%| O|  |TAMS 0x0000000085900000, 0x0000000085900000| Untracked 
|  89|0x0000000085900000, 0x0000000085a00000, 0x0000000085a00000|100%| O|  |TAMS 0x0000000085a00000, 0x0000000085a00000| Untracked 
|  90|0x0000000085a00000, 0x0000000085b00000, 0x0000000085b00000|100%| O|  |TAMS 0x0000000085b00000, 0x0000000085b00000| Untracked 
|  91|0x0000000085b00000, 0x0000000085c00000, 0x0000000085c00000|100%| O|  |TAMS 0x0000000085c00000, 0x0000000085c00000| Untracked 
|  92|0x0000000085c00000, 0x0000000085d00000, 0x0000000085d00000|100%| O|  |TAMS 0x0000000085d00000, 0x0000000085d00000| Untracked 
|  93|0x0000000085d00000, 0x0000000085e00000, 0x0000000085e00000|100%| O|  |TAMS 0x0000000085e00000, 0x0000000085e00000| Untracked 
|  94|0x0000000085e00000, 0x0000000085f00000, 0x0000000085f00000|100%| O|  |TAMS 0x0000000085f00000, 0x0000000085f00000| Untracked 
|  95|0x0000000085f00000, 0x0000000086000000, 0x0000000086000000|100%| O|  |TAMS 0x0000000085f00000, 0x0000000086000000| Untracked 
|  96|0x0000000086000000, 0x0000000086100000, 0x0000000086100000|100%| O|  |TAMS 0x0000000086100000, 0x0000000086100000| Untracked 
|  97|0x0000000086100000, 0x0000000086200000, 0x0000000086200000|100%|HS|  |TAMS 0x0000000086100000, 0x0000000086200000| Complete 
|  98|0x0000000086200000, 0x0000000086300000, 0x0000000086300000|100%|HC|  |TAMS 0x0000000086200000, 0x0000000086300000| Complete 
|  99|0x0000000086300000, 0x0000000086400000, 0x0000000086400000|100%|HS|  |TAMS 0x0000000086400000, 0x0000000086400000| Complete 
| 100|0x0000000086400000, 0x0000000086500000, 0x0000000086500000|100%|HC|  |TAMS 0x0000000086500000, 0x0000000086500000| Complete 
| 101|0x0000000086500000, 0x0000000086600000, 0x0000000086600000|100%|HC|  |TAMS 0x0000000086600000, 0x0000000086600000| Complete 
| 102|0x0000000086600000, 0x0000000086700000, 0x0000000086700000|100%|HS|  |TAMS 0x0000000086700000, 0x0000000086700000| Complete 
| 103|0x0000000086700000, 0x0000000086800000, 0x0000000086800000|100%|HC|  |TAMS 0x0000000086800000, 0x0000000086800000| Complete 
| 104|0x0000000086800000, 0x0000000086900000, 0x0000000086900000|100%|HC|  |TAMS 0x0000000086900000, 0x0000000086900000| Complete 
| 105|0x0000000086900000, 0x0000000086a00000, 0x0000000086a00000|100%|HC|  |TAMS 0x0000000086a00000, 0x0000000086a00000| Complete 
| 106|0x0000000086a00000, 0x0000000086b00000, 0x0000000086b00000|100%|HS|  |TAMS 0x0000000086b00000, 0x0000000086b00000| Complete 
| 107|0x0000000086b00000, 0x0000000086c00000, 0x0000000086c00000|100%|HC|  |TAMS 0x0000000086c00000, 0x0000000086c00000| Complete 
| 108|0x0000000086c00000, 0x0000000086d00000, 0x0000000086d00000|100%|HC|  |TAMS 0x0000000086d00000, 0x0000000086d00000| Complete 
| 109|0x0000000086d00000, 0x0000000086e00000, 0x0000000086e00000|100%|HC|  |TAMS 0x0000000086e00000, 0x0000000086e00000| Complete 
| 110|0x0000000086e00000, 0x0000000086f00000, 0x0000000086f00000|100%|HC|  |TAMS 0x0000000086f00000, 0x0000000086f00000| Complete 
| 111|0x0000000086f00000, 0x0000000087000000, 0x0000000087000000|100%| O|  |TAMS 0x0000000087000000, 0x0000000087000000| Untracked 
| 112|0x0000000087000000, 0x0000000087100000, 0x0000000087100000|100%| O|  |TAMS 0x0000000087100000, 0x0000000087100000| Untracked 
| 113|0x0000000087100000, 0x0000000087200000, 0x0000000087200000|100%| O|  |TAMS 0x0000000087200000, 0x0000000087200000| Untracked 
| 114|0x0000000087200000, 0x0000000087300000, 0x0000000087300000|100%| O|  |TAMS 0x0000000087200000, 0x0000000087300000| Untracked 
| 115|0x0000000087300000, 0x0000000087400000, 0x0000000087400000|100%| O|  |TAMS 0x0000000087300000, 0x0000000087400000| Untracked 
| 116|0x0000000087400000, 0x0000000087500000, 0x0000000087500000|100%| O|  |TAMS 0x0000000087500000, 0x0000000087500000| Untracked 
| 117|0x0000000087500000, 0x0000000087600000, 0x0000000087600000|100%| O|  |TAMS 0x0000000087600000, 0x0000000087600000| Untracked 
| 118|0x0000000087600000, 0x0000000087700000, 0x0000000087700000|100%| O|  |TAMS 0x0000000087700000, 0x0000000087700000| Untracked 
| 119|0x0000000087700000, 0x0000000087800000, 0x0000000087800000|100%| O|  |TAMS 0x0000000087800000, 0x0000000087800000| Untracked 
| 120|0x0000000087800000, 0x0000000087900000, 0x0000000087900000|100%| O|  |TAMS 0x0000000087900000, 0x0000000087900000| Untracked 
| 121|0x0000000087900000, 0x0000000087a00000, 0x0000000087a00000|100%| O|  |TAMS 0x0000000087a00000, 0x0000000087a00000| Untracked 
| 122|0x0000000087a00000, 0x0000000087b00000, 0x0000000087b00000|100%| O|  |TAMS 0x0000000087b00000, 0x0000000087b00000| Untracked 
| 123|0x0000000087b00000, 0x0000000087c00000, 0x0000000087c00000|100%| O|  |TAMS 0x0000000087c00000, 0x0000000087c00000| Untracked 
| 124|0x0000000087c00000, 0x0000000087d00000, 0x0000000087d00000|100%| O|  |TAMS 0x0000000087d00000, 0x0000000087d00000| Untracked 
| 125|0x0000000087d00000, 0x0000000087e00000, 0x0000000087e00000|100%| O|  |TAMS 0x0000000087e00000, 0x0000000087e00000| Untracked 
| 126|0x0000000087e00000, 0x0000000087f00000, 0x0000000087f00000|100%| O|  |TAMS 0x0000000087f00000, 0x0000000087f00000| Untracked 
| 127|0x0000000087f00000, 0x0000000088000000, 0x0000000088000000|100%| O|  |TAMS 0x0000000088000000, 0x0000000088000000| Untracked 
| 128|0x0000000088000000, 0x0000000088100000, 0x0000000088100000|100%| O|  |TAMS 0x0000000088100000, 0x0000000088100000| Untracked 
| 129|0x0000000088100000, 0x0000000088200000, 0x0000000088200000|100%| O|  |TAMS 0x0000000088200000, 0x0000000088200000| Untracked 
| 130|0x0000000088200000, 0x0000000088300000, 0x0000000088300000|100%| O|  |TAMS 0x0000000088200000, 0x0000000088300000| Untracked 
| 131|0x0000000088300000, 0x0000000088400000, 0x0000000088400000|100%| O|  |TAMS 0x0000000088400000, 0x0000000088400000| Untracked 
| 132|0x0000000088400000, 0x0000000088500000, 0x0000000088500000|100%| O|  |TAMS 0x0000000088400000, 0x0000000088500000| Untracked 
| 133|0x0000000088500000, 0x0000000088600000, 0x0000000088600000|100%| O|  |TAMS 0x0000000088600000, 0x0000000088600000| Untracked 
| 134|0x0000000088600000, 0x0000000088700000, 0x0000000088700000|100%| O|  |TAMS 0x0000000088700000, 0x0000000088700000| Untracked 
| 135|0x0000000088700000, 0x0000000088800000, 0x0000000088800000|100%| O|  |TAMS 0x0000000088800000, 0x0000000088800000| Untracked 
| 136|0x0000000088800000, 0x0000000088900000, 0x0000000088900000|100%| O|  |TAMS 0x0000000088900000, 0x0000000088900000| Untracked 
| 137|0x0000000088900000, 0x0000000088a00000, 0x0000000088a00000|100%| O|  |TAMS 0x0000000088a00000, 0x0000000088a00000| Untracked 
| 138|0x0000000088a00000, 0x0000000088b00000, 0x0000000088b00000|100%| O|  |TAMS 0x0000000088b00000, 0x0000000088b00000| Untracked 
| 139|0x0000000088b00000, 0x0000000088c00000, 0x0000000088c00000|100%| O|  |TAMS 0x0000000088b00000, 0x0000000088c00000| Untracked 
| 140|0x0000000088c00000, 0x0000000088d00000, 0x0000000088d00000|100%| O|  |TAMS 0x0000000088c00000, 0x0000000088d00000| Untracked 
| 141|0x0000000088d00000, 0x0000000088e00000, 0x0000000088e00000|100%| O|  |TAMS 0x0000000088d00000, 0x0000000088e00000| Untracked 
| 142|0x0000000088e00000, 0x0000000088f00000, 0x0000000088f00000|100%| O|  |TAMS 0x0000000088f00000, 0x0000000088f00000| Untracked 
| 143|0x0000000088f00000, 0x0000000089000000, 0x0000000089000000|100%| O|  |TAMS 0x0000000088f00000, 0x0000000089000000| Untracked 
| 144|0x0000000089000000, 0x0000000089100000, 0x0000000089100000|100%| O|  |TAMS 0x0000000089100000, 0x0000000089100000| Untracked 
| 145|0x0000000089100000, 0x0000000089200000, 0x0000000089200000|100%| O|  |TAMS 0x0000000089200000, 0x0000000089200000| Untracked 
| 146|0x0000000089200000, 0x0000000089300000, 0x0000000089300000|100%| O|  |TAMS 0x0000000089300000, 0x0000000089300000| Untracked 
| 147|0x0000000089300000, 0x0000000089400000, 0x0000000089400000|100%| O|  |TAMS 0x0000000089400000, 0x0000000089400000| Untracked 
| 148|0x0000000089400000, 0x0000000089500000, 0x0000000089500000|100%| O|  |TAMS 0x0000000089400000, 0x0000000089500000| Untracked 
| 149|0x0000000089500000, 0x0000000089600000, 0x0000000089600000|100%| O|  |TAMS 0x0000000089600000, 0x0000000089600000| Untracked 
| 150|0x0000000089600000, 0x0000000089700000, 0x0000000089700000|100%| O|  |TAMS 0x0000000089600000, 0x0000000089700000| Untracked 
| 151|0x0000000089700000, 0x0000000089800000, 0x0000000089800000|100%| O|  |TAMS 0x0000000089800000, 0x0000000089800000| Untracked 
| 152|0x0000000089800000, 0x0000000089900000, 0x0000000089900000|100%| O|  |TAMS 0x0000000089900000, 0x0000000089900000| Untracked 
| 153|0x0000000089900000, 0x0000000089a00000, 0x0000000089a00000|100%| O|  |TAMS 0x0000000089a00000, 0x0000000089a00000| Untracked 
| 154|0x0000000089a00000, 0x0000000089b00000, 0x0000000089b00000|100%| O|  |TAMS 0x0000000089b00000, 0x0000000089b00000| Untracked 
| 155|0x0000000089b00000, 0x0000000089c00000, 0x0000000089c00000|100%| O|  |TAMS 0x0000000089c00000, 0x0000000089c00000| Untracked 
| 156|0x0000000089c00000, 0x0000000089d00000, 0x0000000089d00000|100%| O|  |TAMS 0x0000000089c00000, 0x0000000089d00000| Untracked 
| 157|0x0000000089d00000, 0x0000000089e00000, 0x0000000089e00000|100%| O|  |TAMS 0x0000000089d00000, 0x0000000089e00000| Untracked 
| 158|0x0000000089e00000, 0x0000000089f00000, 0x0000000089f00000|100%| O|  |TAMS 0x0000000089f00000, 0x0000000089f00000| Untracked 
| 159|0x0000000089f00000, 0x000000008a000000, 0x000000008a000000|100%| O|  |TAMS 0x0000000089f00000, 0x000000008a000000| Untracked 
| 160|0x000000008a000000, 0x000000008a100000, 0x000000008a100000|100%| O|  |TAMS 0x000000008a000000, 0x000000008a100000| Untracked 
| 161|0x000000008a100000, 0x000000008a200000, 0x000000008a200000|100%| O|  |TAMS 0x000000008a100000, 0x000000008a200000| Untracked 
| 162|0x000000008a200000, 0x000000008a300000, 0x000000008a300000|100%| O|  |TAMS 0x000000008a300000, 0x000000008a300000| Untracked 
| 163|0x000000008a300000, 0x000000008a400000, 0x000000008a400000|100%| O|  |TAMS 0x000000008a400000, 0x000000008a400000| Untracked 
| 164|0x000000008a400000, 0x000000008a500000, 0x000000008a500000|100%| O|  |TAMS 0x000000008a500000, 0x000000008a500000| Untracked 
| 165|0x000000008a500000, 0x000000008a600000, 0x000000008a600000|100%| O|  |TAMS 0x000000008a600000, 0x000000008a600000| Untracked 
| 166|0x000000008a600000, 0x000000008a700000, 0x000000008a700000|100%| O|  |TAMS 0x000000008a700000, 0x000000008a700000| Untracked 
| 167|0x000000008a700000, 0x000000008a800000, 0x000000008a800000|100%| O|  |TAMS 0x000000008a800000, 0x000000008a800000| Untracked 
| 168|0x000000008a800000, 0x000000008a900000, 0x000000008a900000|100%| O|  |TAMS 0x000000008a900000, 0x000000008a900000| Untracked 
| 169|0x000000008a900000, 0x000000008aa00000, 0x000000008aa00000|100%| O|  |TAMS 0x000000008a9b8a00, 0x000000008aa00000| Untracked 
| 170|0x000000008aa00000, 0x000000008ab00000, 0x000000008ab00000|100%| O|  |TAMS 0x000000008aa00000, 0x000000008ab00000| Untracked 
| 171|0x000000008ab00000, 0x000000008ac00000, 0x000000008ac00000|100%| O|  |TAMS 0x000000008ab00000, 0x000000008ac00000| Untracked 
| 172|0x000000008ac00000, 0x000000008ad00000, 0x000000008ad00000|100%| O|  |TAMS 0x000000008ac00000, 0x000000008ad00000| Untracked 
| 173|0x000000008ad00000, 0x000000008ae00000, 0x000000008ae00000|100%| O|  |TAMS 0x000000008ae00000, 0x000000008ae00000| Untracked 
| 174|0x000000008ae00000, 0x000000008af00000, 0x000000008af00000|100%| O|  |TAMS 0x000000008af00000, 0x000000008af00000| Untracked 
| 175|0x000000008af00000, 0x000000008b000000, 0x000000008b000000|100%| O|  |TAMS 0x000000008af00000, 0x000000008b000000| Untracked 
| 176|0x000000008b000000, 0x000000008b100000, 0x000000008b100000|100%| O|  |TAMS 0x000000008b000000, 0x000000008b100000| Untracked 
| 177|0x000000008b100000, 0x000000008b200000, 0x000000008b200000|100%| O|  |TAMS 0x000000008b200000, 0x000000008b200000| Untracked 
| 178|0x000000008b200000, 0x000000008b300000, 0x000000008b300000|100%| O|  |TAMS 0x000000008b300000, 0x000000008b300000| Untracked 
| 179|0x000000008b300000, 0x000000008b400000, 0x000000008b400000|100%| O|  |TAMS 0x000000008b400000, 0x000000008b400000| Untracked 
| 180|0x000000008b400000, 0x000000008b500000, 0x000000008b500000|100%| O|  |TAMS 0x000000008b500000, 0x000000008b500000| Untracked 
| 181|0x000000008b500000, 0x000000008b600000, 0x000000008b600000|100%| O|  |TAMS 0x000000008b500000, 0x000000008b600000| Untracked 
| 182|0x000000008b600000, 0x000000008b700000, 0x000000008b700000|100%| O|  |TAMS 0x000000008b700000, 0x000000008b700000| Untracked 
| 183|0x000000008b700000, 0x000000008b800000, 0x000000008b800000|100%| O|  |TAMS 0x000000008b700000, 0x000000008b800000| Untracked 
| 184|0x000000008b800000, 0x000000008b900000, 0x000000008b900000|100%| O|  |TAMS 0x000000008b900000, 0x000000008b900000| Untracked 
| 185|0x000000008b900000, 0x000000008ba00000, 0x000000008ba00000|100%| O|  |TAMS 0x000000008b900000, 0x000000008ba00000| Untracked 
| 186|0x000000008ba00000, 0x000000008bb00000, 0x000000008bb00000|100%| O|  |TAMS 0x000000008ba00000, 0x000000008bb00000| Untracked 
| 187|0x000000008bb00000, 0x000000008bc00000, 0x000000008bc00000|100%| O|  |TAMS 0x000000008bb00000, 0x000000008bc00000| Untracked 
| 188|0x000000008bc00000, 0x000000008bc80000, 0x000000008bd00000| 50%| O|  |TAMS 0x000000008bc00000, 0x000000008bc80000| Untracked 
| 189|0x000000008bd00000, 0x000000008be00000, 0x000000008be00000|100%|HS|  |TAMS 0x000000008bd00000, 0x000000008bd00000| Complete 
| 190|0x000000008be00000, 0x000000008bf00000, 0x000000008bf00000|100%| O|  |TAMS 0x000000008bf00000, 0x000000008bf00000| Untracked 
| 191|0x000000008bf00000, 0x000000008bf00000, 0x000000008c000000|  0%| F|  |TAMS 0x000000008bf00000, 0x000000008bf00000| Untracked 
| 192|0x000000008c000000, 0x000000008c100000, 0x000000008c100000|100%| O|  |TAMS 0x000000008c100000, 0x000000008c100000| Untracked 
| 193|0x000000008c100000, 0x000000008c200000, 0x000000008c200000|100%|HS|  |TAMS 0x000000008c100000, 0x000000008c100000| Complete 
| 194|0x000000008c200000, 0x000000008c300000, 0x000000008c300000|100%|HC|  |TAMS 0x000000008c200000, 0x000000008c200000| Complete 
| 195|0x000000008c300000, 0x000000008c400000, 0x000000008c400000|100%|HS|  |TAMS 0x000000008c300000, 0x000000008c300000| Complete 
| 196|0x000000008c400000, 0x000000008c500000, 0x000000008c500000|100%|HC|  |TAMS 0x000000008c400000, 0x000000008c400000| Complete 
| 197|0x000000008c500000, 0x000000008c600000, 0x000000008c600000|100%|HC|  |TAMS 0x000000008c500000, 0x000000008c500000| Complete 
| 198|0x000000008c600000, 0x000000008c700000, 0x000000008c700000|100%|HC|  |TAMS 0x000000008c600000, 0x000000008c600000| Complete 
| 199|0x000000008c700000, 0x000000008c700000, 0x000000008c800000|  0%| F|  |TAMS 0x000000008c700000, 0x000000008c700000| Untracked 
| 200|0x000000008c800000, 0x000000008c900000, 0x000000008c900000|100%| O|  |TAMS 0x000000008c900000, 0x000000008c900000| Untracked 
| 201|0x000000008c900000, 0x000000008ca00000, 0x000000008ca00000|100%| O|  |TAMS 0x000000008ca00000, 0x000000008ca00000| Untracked 
| 202|0x000000008ca00000, 0x000000008cb00000, 0x000000008cb00000|100%|HS|  |TAMS 0x000000008ca00000, 0x000000008ca00000| Complete 
| 203|0x000000008cb00000, 0x000000008cc00000, 0x000000008cc00000|100%|HC|  |TAMS 0x000000008cb00000, 0x000000008cb00000| Complete 
| 204|0x000000008cc00000, 0x000000008cd00000, 0x000000008cd00000|100%| O|  |TAMS 0x000000008cd00000, 0x000000008cd00000| Untracked 
| 205|0x000000008cd00000, 0x000000008ce00000, 0x000000008ce00000|100%|HS|  |TAMS 0x000000008cd00000, 0x000000008cd00000| Complete 
| 206|0x000000008ce00000, 0x000000008cf00000, 0x000000008cf00000|100%|HC|  |TAMS 0x000000008ce00000, 0x000000008ce00000| Complete 
| 207|0x000000008cf00000, 0x000000008d000000, 0x000000008d000000|100%|HC|  |TAMS 0x000000008cf00000, 0x000000008cf00000| Complete 
| 208|0x000000008d000000, 0x000000008d100000, 0x000000008d100000|100%|HC|  |TAMS 0x000000008d000000, 0x000000008d000000| Complete 
| 209|0x000000008d100000, 0x000000008d100000, 0x000000008d200000|  0%| F|  |TAMS 0x000000008d100000, 0x000000008d100000| Untracked 
| 210|0x000000008d200000, 0x000000008d300000, 0x000000008d300000|100%| O|  |TAMS 0x000000008d300000, 0x000000008d300000| Untracked 
| 211|0x000000008d300000, 0x000000008d400000, 0x000000008d400000|100%| O|  |TAMS 0x000000008d400000, 0x000000008d400000| Untracked 
| 212|0x000000008d400000, 0x000000008d400000, 0x000000008d500000|  0%| F|  |TAMS 0x000000008d400000, 0x000000008d400000| Untracked 
| 213|0x000000008d500000, 0x000000008d600000, 0x000000008d600000|100%| O|  |TAMS 0x000000008d600000, 0x000000008d600000| Untracked 
| 214|0x000000008d600000, 0x000000008d700000, 0x000000008d700000|100%| O|  |TAMS 0x000000008d700000, 0x000000008d700000| Untracked 
| 215|0x000000008d700000, 0x000000008d800000, 0x000000008d800000|100%| O|  |TAMS 0x000000008d800000, 0x000000008d800000| Untracked 
| 216|0x000000008d800000, 0x000000008d900000, 0x000000008d900000|100%| O|  |TAMS 0x000000008d900000, 0x000000008d900000| Untracked 
| 217|0x000000008d900000, 0x000000008da00000, 0x000000008da00000|100%| O|  |TAMS 0x000000008da00000, 0x000000008da00000| Untracked 
| 218|0x000000008da00000, 0x000000008db00000, 0x000000008db00000|100%|HS|  |TAMS 0x000000008da00000, 0x000000008da00000| Complete 
| 219|0x000000008db00000, 0x000000008dc00000, 0x000000008dc00000|100%|HC|  |TAMS 0x000000008db00000, 0x000000008db00000| Complete 
| 220|0x000000008dc00000, 0x000000008dd00000, 0x000000008dd00000|100%|HC|  |TAMS 0x000000008dc00000, 0x000000008dc00000| Complete 
| 221|0x000000008dd00000, 0x000000008de00000, 0x000000008de00000|100%|HC|  |TAMS 0x000000008dd00000, 0x000000008dd00000| Complete 
| 222|0x000000008de00000, 0x000000008de00000, 0x000000008df00000|  0%| F|  |TAMS 0x000000008de00000, 0x000000008de00000| Untracked 
| 223|0x000000008df00000, 0x000000008df00000, 0x000000008e000000|  0%| F|  |TAMS 0x000000008df00000, 0x000000008df00000| Untracked 
| 224|0x000000008e000000, 0x000000008e000000, 0x000000008e100000|  0%| F|  |TAMS 0x000000008e000000, 0x000000008e000000| Untracked 
| 225|0x000000008e100000, 0x000000008e100000, 0x000000008e200000|  0%| F|  |TAMS 0x000000008e100000, 0x000000008e100000| Untracked 
| 226|0x000000008e200000, 0x000000008e200000, 0x000000008e300000|  0%| F|  |TAMS 0x000000008e200000, 0x000000008e200000| Untracked 
| 227|0x000000008e300000, 0x000000008e300000, 0x000000008e400000|  0%| F|  |TAMS 0x000000008e300000, 0x000000008e300000| Untracked 
| 228|0x000000008e400000, 0x000000008e400000, 0x000000008e500000|  0%| F|  |TAMS 0x000000008e400000, 0x000000008e400000| Untracked 
| 229|0x000000008e500000, 0x000000008e500000, 0x000000008e600000|  0%| F|  |TAMS 0x000000008e500000, 0x000000008e500000| Untracked 
| 230|0x000000008e600000, 0x000000008e600000, 0x000000008e700000|  0%| F|  |TAMS 0x000000008e600000, 0x000000008e600000| Untracked 
| 231|0x000000008e700000, 0x000000008e700000, 0x000000008e800000|  0%| F|  |TAMS 0x000000008e700000, 0x000000008e700000| Untracked 
| 232|0x000000008e800000, 0x000000008e800000, 0x000000008e900000|  0%| F|  |TAMS 0x000000008e800000, 0x000000008e800000| Untracked 
| 233|0x000000008e900000, 0x000000008e900000, 0x000000008ea00000|  0%| F|  |TAMS 0x000000008e900000, 0x000000008e900000| Untracked 
| 234|0x000000008ea00000, 0x000000008ea00000, 0x000000008eb00000|  0%| F|  |TAMS 0x000000008ea00000, 0x000000008ea00000| Untracked 
| 235|0x000000008eb00000, 0x000000008eb00000, 0x000000008ec00000|  0%| F|  |TAMS 0x000000008eb00000, 0x000000008eb00000| Untracked 
| 236|0x000000008ec00000, 0x000000008ec00000, 0x000000008ed00000|  0%| F|  |TAMS 0x000000008ec00000, 0x000000008ec00000| Untracked 
| 237|0x000000008ed00000, 0x000000008ed00000, 0x000000008ee00000|  0%| F|  |TAMS 0x000000008ed00000, 0x000000008ed00000| Untracked 
| 238|0x000000008ee00000, 0x000000008ee00000, 0x000000008ef00000|  0%| F|  |TAMS 0x000000008ee00000, 0x000000008ee00000| Untracked 
| 239|0x000000008ef00000, 0x000000008ef00000, 0x000000008f000000|  0%| F|  |TAMS 0x000000008ef00000, 0x000000008ef00000| Untracked 
| 240|0x000000008f000000, 0x000000008f000000, 0x000000008f100000|  0%| F|  |TAMS 0x000000008f000000, 0x000000008f000000| Untracked 
| 241|0x000000008f100000, 0x000000008f100000, 0x000000008f200000|  0%| F|  |TAMS 0x000000008f100000, 0x000000008f100000| Untracked 
| 242|0x000000008f200000, 0x000000008f200000, 0x000000008f300000|  0%| F|  |TAMS 0x000000008f200000, 0x000000008f200000| Untracked 
| 243|0x000000008f300000, 0x000000008f300000, 0x000000008f400000|  0%| F|  |TAMS 0x000000008f300000, 0x000000008f300000| Untracked 
| 244|0x000000008f400000, 0x000000008f400000, 0x000000008f500000|  0%| F|  |TAMS 0x000000008f400000, 0x000000008f400000| Untracked 
| 245|0x000000008f500000, 0x000000008f500000, 0x000000008f600000|  0%| F|  |TAMS 0x000000008f500000, 0x000000008f500000| Untracked 
| 246|0x000000008f600000, 0x000000008f700000, 0x000000008f700000|100%| S|CS|TAMS 0x000000008f600000, 0x000000008f600000| Complete 
| 247|0x000000008f700000, 0x000000008f800000, 0x000000008f800000|100%| S|CS|TAMS 0x000000008f700000, 0x000000008f700000| Complete 
| 248|0x000000008f800000, 0x000000008f900000, 0x000000008f900000|100%| S|CS|TAMS 0x000000008f800000, 0x000000008f800000| Complete 
| 249|0x000000008f900000, 0x000000008fa00000, 0x000000008fa00000|100%| S|CS|TAMS 0x000000008f900000, 0x000000008f900000| Complete 
| 250|0x000000008fa00000, 0x000000008fa00000, 0x000000008fb00000|  0%| F|  |TAMS 0x000000008fa00000, 0x000000008fa00000| Untracked 
| 251|0x000000008fb00000, 0x000000008fb00000, 0x000000008fc00000|  0%| F|  |TAMS 0x000000008fb00000, 0x000000008fb00000| Untracked 
| 252|0x000000008fc00000, 0x000000008fc00000, 0x000000008fd00000|  0%| F|  |TAMS 0x000000008fc00000, 0x000000008fc00000| Untracked 
| 253|0x000000008fd00000, 0x000000008fd00000, 0x000000008fe00000|  0%| F|  |TAMS 0x000000008fd00000, 0x000000008fd00000| Untracked 
| 254|0x000000008fe00000, 0x000000008fe00000, 0x000000008ff00000|  0%| F|  |TAMS 0x000000008fe00000, 0x000000008fe00000| Untracked 
| 255|0x000000008ff00000, 0x000000008ff00000, 0x0000000090000000|  0%| F|  |TAMS 0x000000008ff00000, 0x000000008ff00000| Untracked 
| 256|0x0000000090000000, 0x0000000090000000, 0x0000000090100000|  0%| F|  |TAMS 0x0000000090000000, 0x0000000090000000| Untracked 
| 257|0x0000000090100000, 0x0000000090100000, 0x0000000090200000|  0%| F|  |TAMS 0x0000000090100000, 0x0000000090100000| Untracked 
| 258|0x0000000090200000, 0x0000000090200000, 0x0000000090300000|  0%| F|  |TAMS 0x0000000090200000, 0x0000000090200000| Untracked 
| 259|0x0000000090300000, 0x0000000090300000, 0x0000000090400000|  0%| F|  |TAMS 0x0000000090300000, 0x0000000090300000| Untracked 
| 260|0x0000000090400000, 0x0000000090400000, 0x0000000090500000|  0%| F|  |TAMS 0x0000000090400000, 0x0000000090400000| Untracked 
| 261|0x0000000090500000, 0x0000000090500000, 0x0000000090600000|  0%| F|  |TAMS 0x0000000090500000, 0x0000000090500000| Untracked 
| 262|0x0000000090600000, 0x0000000090600000, 0x0000000090700000|  0%| F|  |TAMS 0x0000000090600000, 0x0000000090600000| Untracked 
| 263|0x0000000090700000, 0x0000000090700000, 0x0000000090800000|  0%| F|  |TAMS 0x0000000090700000, 0x0000000090700000| Untracked 
| 264|0x0000000090800000, 0x0000000090800000, 0x0000000090900000|  0%| F|  |TAMS 0x0000000090800000, 0x0000000090800000| Untracked 
| 265|0x0000000090900000, 0x0000000090900000, 0x0000000090a00000|  0%| F|  |TAMS 0x0000000090900000, 0x0000000090900000| Untracked 
| 266|0x0000000090a00000, 0x0000000090a00000, 0x0000000090b00000|  0%| F|  |TAMS 0x0000000090a00000, 0x0000000090a00000| Untracked 
| 267|0x0000000090b00000, 0x0000000090b00000, 0x0000000090c00000|  0%| F|  |TAMS 0x0000000090b00000, 0x0000000090b00000| Untracked 
| 268|0x0000000090c00000, 0x0000000090c00000, 0x0000000090d00000|  0%| F|  |TAMS 0x0000000090c00000, 0x0000000090c00000| Untracked 
| 269|0x0000000090d00000, 0x0000000090dc0ff8, 0x0000000090e00000| 75%| E|  |TAMS 0x0000000090d00000, 0x0000000090d00000| Complete 
| 270|0x0000000090e00000, 0x0000000090f00000, 0x0000000090f00000|100%| E|CS|TAMS 0x0000000090e00000, 0x0000000090e00000| Complete 
| 271|0x0000000090f00000, 0x0000000091000000, 0x0000000091000000|100%| E|  |TAMS 0x0000000090f00000, 0x0000000090f00000| Complete 
| 272|0x0000000091000000, 0x0000000091100000, 0x0000000091100000|100%| E|CS|TAMS 0x0000000091000000, 0x0000000091000000| Complete 

Card table byte_map: [0x000001f765a40000,0x000001f765e40000] _byte_map_base: 0x000001f765640000

Marking Bits (Prev, Next): (CMBitMap*) 0x000001f75253bbc0, (CMBitMap*) 0x000001f75253bb88
 Prev Bits: [0x000001f768240000, 0x000001f76a240000)
 Next Bits: [0x000001f766240000, 0x000001f768240000)

Polling page: 0x000001f750a70000

Metaspace:

Usage:
  Non-class:    129.56 MB capacity,   126.17 MB ( 97%) used,     2.81 MB (  2%) free+waste,   590.50 KB ( <1%) overhead. 
      Class:     19.62 MB capacity,    17.78 MB ( 91%) used,     1.58 MB (  8%) free+waste,   259.13 KB (  1%) overhead. 
       Both:    149.18 MB capacity,   143.96 MB ( 96%) used,     4.39 MB (  3%) free+waste,   849.63 KB ( <1%) overhead. 

Virtual space:
  Non-class space:      134.00 MB reserved,     133.75 MB (>99%) committed 
      Class space:        1.00 GB reserved,      20.25 MB (  2%) committed 
             Both:        1.13 GB reserved,     154.00 MB ( 13%) committed 

Chunk freelists:
   Non-Class:  4.07 MB
       Class:  646.00 KB
        Both:  4.70 MB

MaxMetaspaceSize: 17179869184.00 GB
CompressedClassSpaceSize: 1.00 GB
Initial GC threshold: 20.80 MB
Current GC threshold: 256.67 MB
CDS: off

CodeHeap 'non-profiled nmethods': size=120064Kb used=21888Kb max_used=21888Kb free=98175Kb
 bounds [0x000001f75dae0000, 0x000001f75f050000, 0x000001f765020000]
CodeHeap 'profiled nmethods': size=120000Kb used=59254Kb max_used=59254Kb free=60745Kb
 bounds [0x000001f7565b0000, 0x000001f759fa0000, 0x000001f75dae0000]
CodeHeap 'non-nmethods': size=5696Kb used=2521Kb max_used=2603Kb free=3174Kb
 bounds [0x000001f756020000, 0x000001f7562c0000, 0x000001f7565b0000]
 total_blobs=27143 nmethods=26078 adapters=975
 compilation: enabled
              stopped_count=0, restarted_count=0
 full_count=0

Compilation events (20 events):
Event: 4210.911 Thread 0x000001f76d0fa000 29442       3       java.util.stream.IntPipeline::makeNodeBuilder (5 bytes)
Event: 4210.911 Thread 0x000001f76d0fa000 nmethod 29442 0x000001f759f8f790 code [0x000001f759f8f980, 0x000001f759f8fd78]
Event: 4210.911 Thread 0x000001f76d0fa000 29443       3       java.util.stream.Nodes::intBuilder (29 bytes)
Event: 4210.911 Thread 0x000001f775028000 29447       4       com.google.common.collect.AbstractMapBasedMultimap::get (31 bytes)
Event: 4210.912 Thread 0x000001f76d0fa000 nmethod 29443 0x000001f759f8ff10 code [0x000001f759f90100, 0x000001f759f90478]
Event: 4210.912 Thread 0x000001f76d0fa000 29444       3       java.util.stream.Nodes$IntFixedNodeBuilder::<init> (28 bytes)
Event: 4210.912 Thread 0x000001f76d0fa000 nmethod 29444 0x000001f759f90610 code [0x000001f759f907c0, 0x000001f759f90908]
Event: 4210.912 Thread 0x000001f76d0fa000 29445       3       java.util.stream.Nodes$IntArrayNode::<init> (36 bytes)
Event: 4210.912 Thread 0x000001f76d0fa000 nmethod 29445 0x000001f759f90990 code [0x000001f759f90b60, 0x000001f759f90ec8]
Event: 4210.912 Thread 0x000001f76d0fa000 29446       3       java.lang.StringLatin1$CharsSpliterator::<init> (36 bytes)
Event: 4210.912 Thread 0x000001f76d0fa000 nmethod 29446 0x000001f759f91010 code [0x000001f759f911c0, 0x000001f759f91398]
Event: 4210.926 Thread 0x000001f775028000 nmethod 29447 0x000001f75f03db10 code [0x000001f75f03dd00, 0x000001f75f03e5e8]
Event: 4210.928 Thread 0x000001f76d0fa000 29448       3       javax.xml.namespace.QName::hashCode (16 bytes)
Event: 4210.928 Thread 0x000001f76d0fa000 nmethod 29448 0x000001f759f91490 code [0x000001f759f91660, 0x000001f759f917f8]
Event: 4210.931 Thread 0x000001f775028000 29449       4       sun.nio.fs.Util::followLinks (66 bytes)
Event: 4210.933 Thread 0x000001f775028000 nmethod 29449 0x000001f75f03ea90 code [0x000001f75f03ec20, 0x000001f75f03ecf8]
Event: 4210.955 Thread 0x000001f775028000 29450       4       org.gradle.internal.snapshot.impl.DirectorySnapshotter$PathVisitor::shouldVisit (80 bytes)
Event: 4210.972 Thread 0x000001f775028000 nmethod 29450 0x000001f75f03ee10 code [0x000001f75f03f000, 0x000001f75f03f968]
Event: 4210.973 Thread 0x000001f775028000 29451   !   4       java.nio.file.FileTreeWalker::next (144 bytes)
Event: 4211.035 Thread 0x000001f76d0fa000 29452   !   3       org.gradle.internal.execution.history.impl.FileSystemSnapshotSerializer$1$1::visitRegularFile (111 bytes)

GC Heap History (20 events):
Event: 3905.680 GC heap before
{Heap before GC invocations=144 (full 0):
 garbage-first heap   total 279552K, used 232137K [0x0000000080000000, 0x0000000100000000)
  region size 1024K, 31 young (31744K), 5 survivors (5120K)
 Metaspace       used 149580K, capacity 155094K, committed 155136K, reserved 1183744K
  class space    used 18523K, capacity 20445K, committed 20480K, reserved 1048576K
}
Event: 3905.687 GC heap after
{Heap after GC invocations=145 (full 0):
 garbage-first heap   total 279552K, used 191689K [0x0000000080000000, 0x0000000100000000)
  region size 1024K, 2 young (2048K), 2 survivors (2048K)
 Metaspace       used 149580K, capacity 155094K, committed 155136K, reserved 1183744K
  class space    used 18523K, capacity 20445K, committed 20480K, reserved 1048576K
}
Event: 3906.410 GC heap before
{Heap before GC invocations=145 (full 0):
 garbage-first heap   total 279552K, used 201929K [0x0000000080000000, 0x0000000100000000)
  region size 1024K, 13 young (13312K), 2 survivors (2048K)
 Metaspace       used 150037K, capacity 155564K, committed 155776K, reserved 1183744K
  class space    used 18580K, capacity 20513K, committed 20608K, reserved 1048576K
}
Event: 3906.418 GC heap after
{Heap after GC invocations=146 (full 0):
 garbage-first heap   total 279552K, used 188736K [0x0000000080000000, 0x0000000100000000)
  region size 1024K, 2 young (2048K), 2 survivors (2048K)
 Metaspace       used 150037K, capacity 155564K, committed 155776K, reserved 1183744K
  class space    used 18580K, capacity 20513K, committed 20608K, reserved 1048576K
}
Event: 3906.868 GC heap before
{Heap before GC invocations=146 (full 0):
 garbage-first heap   total 279552K, used 219456K [0x0000000080000000, 0x0000000100000000)
  region size 1024K, 33 young (33792K), 2 survivors (2048K)
 Metaspace       used 150484K, capacity 155920K, committed 156032K, reserved 1185792K
  class space    used 18632K, capacity 20549K, committed 20608K, reserved 1048576K
}
Event: 3906.883 GC heap after
{Heap after GC invocations=147 (full 0):
 garbage-first heap   total 279552K, used 192025K [0x0000000080000000, 0x0000000100000000)
  region size 1024K, 5 young (5120K), 5 survivors (5120K)
 Metaspace       used 150484K, capacity 155920K, committed 156032K, reserved 1185792K
  class space    used 18632K, capacity 20549K, committed 20608K, reserved 1048576K
}
Event: 3907.074 GC heap before
{Heap before GC invocations=147 (full 0):
 garbage-first heap   total 279552K, used 224793K [0x0000000080000000, 0x0000000100000000)
  region size 1024K, 37 young (37888K), 5 survivors (5120K)
 Metaspace       used 151121K, capacity 156570K, committed 156928K, reserved 1185792K
  class space    used 18710K, capacity 20615K, committed 20736K, reserved 1048576K
}
Event: 3907.080 GC heap after
{Heap after GC invocations=148 (full 0):
 garbage-first heap   total 279552K, used 192901K [0x0000000080000000, 0x0000000100000000)
  region size 1024K, 2 young (2048K), 2 survivors (2048K)
 Metaspace       used 151121K, capacity 156570K, committed 156928K, reserved 1185792K
  class space    used 18710K, capacity 20615K, committed 20736K, reserved 1048576K
}
Event: 3907.337 GC heap before
{Heap before GC invocations=149 (full 0):
 garbage-first heap   total 279552K, used 223621K [0x0000000080000000, 0x0000000100000000)
  region size 1024K, 35 young (35840K), 2 survivors (2048K)
 Metaspace       used 151631K, capacity 157107K, committed 157184K, reserved 1185792K
  class space    used 18774K, capacity 20683K, committed 20736K, reserved 1048576K
}
Event: 3907.342 GC heap after
{Heap after GC invocations=150 (full 0):
 garbage-first heap   total 279552K, used 192942K [0x0000000080000000, 0x0000000100000000)
  region size 1024K, 4 young (4096K), 4 survivors (4096K)
 Metaspace       used 151631K, capacity 157107K, committed 157184K, reserved 1185792K
  class space    used 18774K, capacity 20683K, committed 20736K, reserved 1048576K
}
Event: 3907.402 GC heap before
{Heap before GC invocations=150 (full 0):
 garbage-first heap   total 279552K, used 202158K [0x0000000080000000, 0x0000000100000000)
  region size 1024K, 13 young (13312K), 4 survivors (4096K)
 Metaspace       used 151656K, capacity 157109K, committed 157184K, reserved 1185792K
  class space    used 18774K, capacity 20683K, committed 20736K, reserved 1048576K
}
Event: 3907.414 GC heap after
{Heap after GC invocations=151 (full 0):
 garbage-first heap   total 279552K, used 180486K [0x0000000080000000, 0x0000000100000000)
  region size 1024K, 2 young (2048K), 2 survivors (2048K)
 Metaspace       used 151656K, capacity 157109K, committed 157184K, reserved 1185792K
  class space    used 18774K, capacity 20683K, committed 20736K, reserved 1048576K
}
Event: 4210.209 GC heap before
{Heap before GC invocations=151 (full 0):
 garbage-first heap   total 279552K, used 222470K [0x0000000080000000, 0x0000000100000000)
  region size 1024K, 44 young (45056K), 2 survivors (2048K)
 Metaspace       used 151952K, capacity 157564K, committed 157696K, reserved 1185792K
  class space    used 18805K, capacity 20733K, committed 20736K, reserved 1048576K
}
Event: 4210.223 GC heap after
{Heap after GC invocations=152 (full 0):
 garbage-first heap   total 279552K, used 183010K [0x0000000080000000, 0x0000000100000000)
  region size 1024K, 4 young (4096K), 4 survivors (4096K)
 Metaspace       used 151952K, capacity 157564K, committed 157696K, reserved 1185792K
  class space    used 18805K, capacity 20733K, committed 20736K, reserved 1048576K
}
Event: 4210.667 GC heap before
{Heap before GC invocations=153 (full 0):
 garbage-first heap   total 279552K, used 228066K [0x0000000080000000, 0x0000000100000000)
  region size 1024K, 47 young (48128K), 4 survivors (4096K)
 Metaspace       used 147396K, capacity 152695K, committed 157696K, reserved 1185792K
  class space    used 18210K, capacity 20090K, committed 20736K, reserved 1048576K
}
Event: 4210.681 GC heap after
{Heap after GC invocations=154 (full 0):
 garbage-first heap   total 279552K, used 194937K [0x0000000080000000, 0x0000000100000000)
  region size 1024K, 6 young (6144K), 6 survivors (6144K)
 Metaspace       used 147396K, capacity 152695K, committed 157696K, reserved 1185792K
  class space    used 18210K, capacity 20090K, committed 20736K, reserved 1048576K
}
Event: 4210.697 GC heap before
{Heap before GC invocations=154 (full 0):
 garbage-first heap   total 279552K, used 202105K [0x0000000080000000, 0x0000000100000000)
  region size 1024K, 13 young (13312K), 6 survivors (6144K)
 Metaspace       used 147398K, capacity 152695K, committed 157696K, reserved 1185792K
  class space    used 18210K, capacity 20090K, committed 20736K, reserved 1048576K
}
Event: 4210.719 GC heap after
{Heap after GC invocations=155 (full 0):
 garbage-first heap   total 279552K, used 199399K [0x0000000080000000, 0x0000000100000000)
  region size 1024K, 2 young (2048K), 2 survivors (2048K)
 Metaspace       used 147398K, capacity 152695K, committed 157696K, reserved 1185792K
  class space    used 18210K, capacity 20090K, committed 20736K, reserved 1048576K
}
Event: 4210.823 GC heap before
{Heap before GC invocations=155 (full 0):
 garbage-first heap   total 279552K, used 218855K [0x0000000080000000, 0x0000000100000000)
  region size 1024K, 23 young (23552K), 2 survivors (2048K)
 Metaspace       used 147407K, capacity 152695K, committed 157696K, reserved 1185792K
  class space    used 18210K, capacity 20090K, committed 20736K, reserved 1048576K
}
Event: 4210.838 GC heap after
{Heap after GC invocations=156 (full 0):
 garbage-first heap   total 279552K, used 209408K [0x0000000080000000, 0x0000000100000000)
  region size 1024K, 4 young (4096K), 4 survivors (4096K)
 Metaspace       used 147407K, capacity 152695K, committed 157696K, reserved 1185792K
  class space    used 18210K, capacity 20090K, committed 20736K, reserved 1048576K
}

Deoptimization events (20 events):
Event: 3906.303 Thread 0x000001f76d1cf800 DEOPT PACKING pc=0x000001f75ef79ddc sp=0x000000b9329f8830
Event: 3906.303 Thread 0x000001f76d1cf800 DEOPT UNPACKING pc=0x000001f75606a1af sp=0x000000b9329f87d0 mode 2
Event: 3906.303 Thread 0x000001f76d1cf800 Uncommon trap: trap_request=0xffffffbe fr.pc=0x000001f75ef79ddc relative=0x000000000000013c
Event: 3906.303 Thread 0x000001f76d1cf800 Uncommon trap: reason=profile_predicate action=maybe_recompile pc=0x000001f75ef79ddc method=com.google.common.collect.ImmutableList.copyIntoArray([Ljava/lang/Object;I)I @ 11 c2
Event: 3906.303 Thread 0x000001f76d1cf800 DEOPT PACKING pc=0x000001f75ef79ddc sp=0x000000b9329f8830
Event: 3906.303 Thread 0x000001f76d1cf800 DEOPT UNPACKING pc=0x000001f75606a1af sp=0x000000b9329f87d0 mode 2
Event: 3906.421 Thread 0x000001f76d1cf800 Uncommon trap: trap_request=0xffffffbe fr.pc=0x000001f75ef79ddc relative=0x000000000000013c
Event: 3906.421 Thread 0x000001f76d1cf800 Uncommon trap: reason=profile_predicate action=maybe_recompile pc=0x000001f75ef79ddc method=com.google.common.collect.ImmutableList.copyIntoArray([Ljava/lang/Object;I)I @ 11 c2
Event: 3906.421 Thread 0x000001f76d1cf800 DEOPT PACKING pc=0x000001f75ef79ddc sp=0x000000b9329f8830
Event: 3906.421 Thread 0x000001f76d1cf800 DEOPT UNPACKING pc=0x000001f75606a1af sp=0x000000b9329f87d0 mode 2
Event: 4210.497 Thread 0x000001f770803000 Uncommon trap: trap_request=0xffffff4d fr.pc=0x000001f75eea5bf0 relative=0x0000000000000970
Event: 4210.497 Thread 0x000001f770803000 Uncommon trap: reason=unstable_if action=reinterpret pc=0x000001f75eea5bf0 method=java.io.ObjectStreamClass.processQueue(Ljava/lang/ref/ReferenceQueue;Ljava/util/concurrent/ConcurrentMap;)V @ 6 c2
Event: 4210.497 Thread 0x000001f770803000 DEOPT PACKING pc=0x000001f75eea5bf0 sp=0x000000b9332fec80
Event: 4210.497 Thread 0x000001f770803000 DEOPT UNPACKING pc=0x000001f75606a1af sp=0x000000b9332fec10 mode 2
Event: 4210.649 Thread 0x000001f76e8e2800 DEOPT PACKING pc=0x000001f7584982a0 sp=0x000000b9371faf80
Event: 4210.649 Thread 0x000001f76e8e2800 DEOPT UNPACKING pc=0x000001f75606a95e sp=0x000000b9371fa548 mode 0
Event: 4210.768 Thread 0x000001f76e8e2800 DEOPT PACKING pc=0x000001f758533b22 sp=0x000000b9371fb450
Event: 4210.768 Thread 0x000001f76e8e2800 DEOPT UNPACKING pc=0x000001f75606a95e sp=0x000000b9371fa9a0 mode 0
Event: 4210.785 Thread 0x000001f76e8e2800 DEOPT PACKING pc=0x000001f7586385a2 sp=0x000000b9371fb1b0
Event: 4210.785 Thread 0x000001f76e8e2800 DEOPT UNPACKING pc=0x000001f75606a95e sp=0x000000b9371fa6f0 mode 0

Classes redefined (0 events):
No events

Internal exceptions (20 events):
Event: 3907.513 Thread 0x000001f76d1cf800 Exception <a 'java/lang/NoSuchMethodError'{0x000000008f87f2f8}: <clinit>> (0x000000008f87f2f8) thrown at [./src/hotspot/share/prims/jni.cpp, line 1366]
Event: 3907.514 Thread 0x000001f76d1cf800 Exception <a 'java/lang/NoSuchMethodError'{0x000000008f893608}: <clinit>> (0x000000008f893608) thrown at [./src/hotspot/share/prims/jni.cpp, line 1366]
Event: 3907.515 Thread 0x000001f76d1cf800 Exception <a 'java/lang/NoSuchMethodError'{0x000000008f8c2ea0}: <clinit>> (0x000000008f8c2ea0) thrown at [./src/hotspot/share/prims/jni.cpp, line 1366]
Event: 3907.516 Thread 0x000001f76d1cf800 Exception <a 'java/lang/NoSuchMethodError'{0x000000008f8c7000}: <clinit>> (0x000000008f8c7000) thrown at [./src/hotspot/share/prims/jni.cpp, line 1366]
Event: 3907.516 Thread 0x000001f76d1cf800 Exception <a 'java/lang/NoSuchMethodError'{0x000000008f8c8da0}: <clinit>> (0x000000008f8c8da0) thrown at [./src/hotspot/share/prims/jni.cpp, line 1366]
Event: 3907.516 Thread 0x000001f76d1cf800 Exception <a 'java/lang/NoSuchMethodError'{0x000000008f8e0980}: <clinit>> (0x000000008f8e0980) thrown at [./src/hotspot/share/prims/jni.cpp, line 1366]
Event: 3907.517 Thread 0x000001f76d1cf800 Exception <a 'java/lang/NoSuchMethodError'{0x000000008f8f3d38}: <clinit>> (0x000000008f8f3d38) thrown at [./src/hotspot/share/prims/jni.cpp, line 1366]
Event: 3907.517 Thread 0x000001f76d1cf800 Exception <a 'java/lang/NoSuchMethodError'{0x000000008f7037b8}: <clinit>> (0x000000008f7037b8) thrown at [./src/hotspot/share/prims/jni.cpp, line 1366]
Event: 3907.518 Thread 0x000001f76d1cf800 Exception <a 'java/lang/NoSuchMethodError'{0x000000008f713228}: <clinit>> (0x000000008f713228) thrown at [./src/hotspot/share/prims/jni.cpp, line 1366]
Event: 3907.518 Thread 0x000001f76d1cf800 Exception <a 'java/lang/NoSuchMethodError'{0x000000008f722ea0}: <clinit>> (0x000000008f722ea0) thrown at [./src/hotspot/share/prims/jni.cpp, line 1366]
Event: 3907.520 Thread 0x000001f76d1cf800 Exception <a 'java/lang/NoSuchMethodError'{0x000000008f74b2a0}: <clinit>> (0x000000008f74b2a0) thrown at [./src/hotspot/share/prims/jni.cpp, line 1366]
Event: 3907.526 Thread 0x000001f76d1cf800 Exception <a 'java/lang/ClassNotFoundException'{0x000000008f79c7a0}: org/jetbrains/plugins/gradle/tooling/util/JavaPluginUtilBeanInfo> (0x000000008f79c7a0) thrown at [./src/hotspot/share/classfile/systemDictionary.cpp, line 231]
Event: 3907.526 Thread 0x000001f76d1cf800 Exception <a 'java/lang/ClassNotFoundException'{0x000000008f7ab138}: org/jetbrains/plugins/gradle/tooling/util/JavaPluginUtilCustomizer> (0x000000008f7ab138) thrown at [./src/hotspot/share/classfile/systemDictionary.cpp, line 231]
Event: 4210.350 Thread 0x000001f7707f6800 Exception <a 'sun/nio/fs/WindowsException'{0x00000000904b3a80}> (0x00000000904b3a80) thrown at [./src/hotspot/share/prims/jni.cpp, line 616]
Event: 4210.532 Thread 0x000001f7707f6800 Exception <a 'sun/nio/fs/WindowsException'{0x000000008f825738}> (0x000000008f825738) thrown at [./src/hotspot/share/prims/jni.cpp, line 616]
Event: 4210.537 Thread 0x000001f7707f6800 Exception <a 'sun/nio/fs/WindowsException'{0x000000008f8c79f0}> (0x000000008f8c79f0) thrown at [./src/hotspot/share/prims/jni.cpp, line 616]
Event: 4210.537 Thread 0x000001f7707f6800 Exception <a 'sun/nio/fs/WindowsException'{0x000000008f8c8c10}> (0x000000008f8c8c10) thrown at [./src/hotspot/share/prims/jni.cpp, line 616]
Event: 4210.537 Thread 0x000001f7707f6800 Exception <a 'sun/nio/fs/WindowsException'{0x000000008f8c9e80}> (0x000000008f8c9e80) thrown at [./src/hotspot/share/prims/jni.cpp, line 616]
Event: 4210.537 Thread 0x000001f7707f6800 Exception <a 'sun/nio/fs/WindowsException'{0x000000008f8cb0f0}> (0x000000008f8cb0f0) thrown at [./src/hotspot/share/prims/jni.cpp, line 616]
Event: 4210.916 Thread 0x000001f76e8da800 Exception <a 'sun/nio/fs/WindowsException'{0x0000000090e537b8}> (0x0000000090e537b8) thrown at [./src/hotspot/share/prims/jni.cpp, line 616]

Events (20 events):
Event: 4210.627 Executing VM operation: RevokeBias
Event: 4210.627 Executing VM operation: RevokeBias done
Event: 4210.627 Executing VM operation: RevokeBias
Event: 4210.628 Executing VM operation: RevokeBias done
Event: 4210.628 Executing VM operation: RevokeBias
Event: 4210.629 Executing VM operation: RevokeBias done
Event: 4210.631 Executing VM operation: RevokeBias
Event: 4210.632 Executing VM operation: RevokeBias done
Event: 4210.666 Executing VM operation: G1CollectForAllocation
Event: 4210.681 Executing VM operation: G1CollectForAllocation done
Event: 4210.697 Executing VM operation: G1CollectForAllocation
Event: 4210.719 Executing VM operation: G1CollectForAllocation done
Event: 4210.725 Thread 0x000001f775028000 Thread added: 0x000001f775028000
Event: 4210.823 Executing VM operation: G1CollectForAllocation
Event: 4210.838 Executing VM operation: G1CollectForAllocation done
Event: 4210.882 Thread 0x000001f76e8de800 Thread added: 0x000001f76e8de800
Event: 4210.885 Executing VM operation: BulkRevokeBias
Event: 4210.888 Executing VM operation: BulkRevokeBias done
Event: 4210.919 Executing VM operation: RevokeBias
Event: 4210.919 Executing VM operation: RevokeBias done


Dynamic libraries:
0x00007ff682360000 - 0x00007ff68236a000 	C:\Program Files\Android\Android Studio\jre\bin\java.exe
0x00007ffb46d50000 - 0x00007ffb46f48000 	C:\WINDOWS\SYSTEM32\ntdll.dll
0x00007ffb45d10000 - 0x00007ffb45dcd000 	C:\WINDOWS\System32\KERNEL32.DLL
0x00007ffb448e0000 - 0x00007ffb44bae000 	C:\WINDOWS\System32\KERNELBASE.dll
0x00007ffb44510000 - 0x00007ffb44610000 	C:\WINDOWS\System32\ucrtbase.dll
0x00007ffb30e90000 - 0x00007ffb30ea7000 	C:\Program Files\Android\Android Studio\jre\bin\VCRUNTIME140.dll
0x00007ffb30e70000 - 0x00007ffb30e89000 	C:\Program Files\Android\Android Studio\jre\bin\jli.dll
0x00007ffb455f0000 - 0x00007ffb45790000 	C:\WINDOWS\System32\USER32.dll
0x00007ffb30980000 - 0x00007ffb30c1a000 	C:\WINDOWS\WinSxS\amd64_microsoft.windows.common-controls_6595b64144ccf1df_6.0.19041.1110_none_60b5254171f9507e\COMCTL32.dll
0x00007ffb44d80000 - 0x00007ffb44da2000 	C:\WINDOWS\System32\win32u.dll
0x00007ffb45990000 - 0x00007ffb45a2e000 	C:\WINDOWS\System32\msvcrt.dll
0x00007ffb45df0000 - 0x00007ffb45e1a000 	C:\WINDOWS\System32\GDI32.dll
0x00007ffb447d0000 - 0x00007ffb448db000 	C:\WINDOWS\System32\gdi32full.dll
0x00007ffb44470000 - 0x00007ffb4450d000 	C:\WINDOWS\System32\msvcp_win.dll
0x00007ffb451c0000 - 0x00007ffb451f0000 	C:\WINDOWS\System32\IMM32.DLL
0x00007ffb2a1d0000 - 0x00007ffb2a26d000 	C:\Program Files\Android\Android Studio\jre\bin\msvcp140.dll
0x00007ffb04020000 - 0x00007ffb04b22000 	C:\Program Files\Android\Android Studio\jre\bin\server\jvm.dll
0x00007ffb45790000 - 0x00007ffb4583e000 	C:\WINDOWS\System32\ADVAPI32.dll
0x00007ffb463e0000 - 0x00007ffb4647c000 	C:\WINDOWS\System32\sechost.dll
0x00007ffb451f0000 - 0x00007ffb45315000 	C:\WINDOWS\System32\RPCRT4.dll
0x00007ffb463d0000 - 0x00007ffb463d8000 	C:\WINDOWS\System32\PSAPI.DLL
0x00007ffb3fbb0000 - 0x00007ffb3fbb9000 	C:\WINDOWS\SYSTEM32\WSOCK32.dll
0x00007ffb3df10000 - 0x00007ffb3df37000 	C:\WINDOWS\SYSTEM32\WINMM.dll
0x00007ffb45a30000 - 0x00007ffb45a9b000 	C:\WINDOWS\System32\WS2_32.dll
0x00007ffb3f070000 - 0x00007ffb3f07a000 	C:\WINDOWS\SYSTEM32\VERSION.dll
0x00007ffb42380000 - 0x00007ffb42392000 	C:\WINDOWS\SYSTEM32\kernel.appcore.dll
0x00007ffb3f7f0000 - 0x00007ffb3f801000 	C:\Program Files\Android\Android Studio\jre\bin\verify.dll
0x00007ffb32ce0000 - 0x00007ffb32ec4000 	C:\WINDOWS\SYSTEM32\DBGHELP.DLL
0x00007ffb35a90000 - 0x00007ffb35abc000 	C:\WINDOWS\SYSTEM32\dbgcore.DLL
0x00007ffb44610000 - 0x00007ffb44692000 	C:\WINDOWS\System32\bcryptPrimitives.dll
0x00007ffb2b260000 - 0x00007ffb2b289000 	C:\Program Files\Android\Android Studio\jre\bin\java.dll
0x00007ffb2c600000 - 0x00007ffb2c60b000 	C:\Program Files\Android\Android Studio\jre\bin\jimage.dll
0x00007ffb2c150000 - 0x00007ffb2c168000 	C:\Program Files\Android\Android Studio\jre\bin\zip.dll
0x00007ffb46510000 - 0x00007ffb46c53000 	C:\WINDOWS\System32\SHELL32.dll
0x00007ffb42580000 - 0x00007ffb42d15000 	C:\WINDOWS\SYSTEM32\windows.storage.dll
0x00007ffb44e60000 - 0x00007ffb451b4000 	C:\WINDOWS\System32\combase.dll
0x00007ffb43ed0000 - 0x00007ffb43f00000 	C:\WINDOWS\SYSTEM32\Wldp.dll
0x00007ffb44db0000 - 0x00007ffb44e5d000 	C:\WINDOWS\System32\SHCORE.dll
0x00007ffb45cb0000 - 0x00007ffb45d05000 	C:\WINDOWS\System32\shlwapi.dll
0x00007ffb443b0000 - 0x00007ffb443cf000 	C:\WINDOWS\SYSTEM32\profapi.dll
0x00007ffb2b340000 - 0x00007ffb2b35a000 	C:\Program Files\Android\Android Studio\jre\bin\net.dll
0x00007ffb3e5d0000 - 0x00007ffb3e6da000 	C:\WINDOWS\SYSTEM32\WINHTTP.dll
0x00007ffb43c30000 - 0x00007ffb43c9a000 	C:\WINDOWS\system32\mswsock.dll
0x00007ffb29c00000 - 0x00007ffb29c14000 	C:\Program Files\Android\Android Studio\jre\bin\nio.dll
0x00007ffb30eb0000 - 0x00007ffb30ed7000 	C:\Users\PCarre絪\.gradle\native\e1d6ef7f7dcc3fd88c89a11ec53ec762bb8ba0a96d01ffa2cd45eb1d1d8dd5c5\windows-amd64\native-platform.dll
0x00007ffb2a080000 - 0x00007ffb2a1c4000 	C:\Users\PCarre絪\.gradle\native\0d407fdbe67a94daf76414ababcb853783967236a71b16ec16e742cd7a986fd3\windows-amd64\native-platform-file-events.dll
0x00007ffb29bf0000 - 0x00007ffb29bfa000 	C:\Program Files\Android\Android Studio\jre\bin\management.dll
0x00007ffb29be0000 - 0x00007ffb29bed000 	C:\Program Files\Android\Android Studio\jre\bin\management_ext.dll
0x00007ffb43e30000 - 0x00007ffb43e48000 	C:\WINDOWS\SYSTEM32\CRYPTSP.dll
0x00007ffb43540000 - 0x00007ffb43574000 	C:\WINDOWS\system32\rsaenh.dll
0x00007ffb446a0000 - 0x00007ffb446c7000 	C:\WINDOWS\System32\bcrypt.dll
0x00007ffb44330000 - 0x00007ffb4435e000 	C:\WINDOWS\SYSTEM32\USERENV.dll
0x00007ffb43e20000 - 0x00007ffb43e2c000 	C:\WINDOWS\SYSTEM32\CRYPTBASE.dll
0x00007ffb438d0000 - 0x00007ffb4390b000 	C:\WINDOWS\SYSTEM32\IPHLPAPI.DLL
0x00007ffb45840000 - 0x00007ffb45848000 	C:\WINDOWS\System32\NSI.dll
0x00007ffb3f050000 - 0x00007ffb3f067000 	C:\WINDOWS\SYSTEM32\dhcpcsvc6.DLL
0x00007ffb3f170000 - 0x00007ffb3f18d000 	C:\WINDOWS\SYSTEM32\dhcpcsvc.DLL
0x00007ffb43920000 - 0x00007ffb439ea000 	C:\WINDOWS\SYSTEM32\DNSAPI.dll
0x00007ffb43170000 - 0x00007ffb431a3000 	C:\WINDOWS\SYSTEM32\ntmarta.dll
0x00007ffb1e970000 - 0x00007ffb1e98e000 	C:\Users\PCarre絪\AppData\Local\Temp\native-platform17511777575293970224dir\native-platform.dll
0x00007ffb1f1f0000 - 0x00007ffb1f1f8000 	C:\Program Files\Android\Android Studio\jre\bin\rmi.dll
0x00007ffb1a810000 - 0x00007ffb1a837000 	C:\Program Files\Android\Android Studio\jre\bin\sunec.dll

dbghelp: loaded successfully - version: 4.0.5 - missing functions: none
symbol engine: initialized successfully - sym options: 0x614 - pdb path: .;C:\Program Files\Android\Android Studio\jre\bin;C:\WINDOWS\SYSTEM32;C:\WINDOWS\WinSxS\amd64_microsoft.windows.common-controls_6595b64144ccf1df_6.0.19041.1110_none_60b5254171f9507e;C:\Program Files\Android\Android Studio\jre\bin\server;C:\Users\PCarre絪\.gradle\native\e1d6ef7f7dcc3fd88c89a11ec53ec762bb8ba0a96d01ffa2cd45eb1d1d8dd5c5\windows-amd64;C:\Users\PCarre絪\.gradle\native\0d407fdbe67a94daf76414ababcb853783967236a71b16ec16e742cd7a986fd3\windows-amd64;C:\Users\PCarre絪\AppData\Local\Temp\native-platform17511777575293970224dir

VM Arguments:
jvm_args: --add-opens=java.base/java.util=ALL-UNNAMED --add-opens=java.base/java.lang=ALL-UNNAMED --add-opens=java.base/java.lang.invoke=ALL-UNNAMED --add-opens=java.base/java.util=ALL-UNNAMED --add-opens=java.prefs/java.util.prefs=ALL-UNNAMED --add-opens=java.prefs/java.util.prefs=ALL-UNNAMED --add-opens=java.base/java.nio.charset=ALL-UNNAMED --add-opens=java.base/java.net=ALL-UNNAMED --add-opens=java.base/java.util.concurrent.atomic=ALL-UNNAMED -Xmx2048m -Dfile.encoding=UTF-8 -Duser.country=EC -Duser.language=es -Duser.variant 
java_command: org.gradle.launcher.daemon.bootstrap.GradleDaemon 7.4
java_class_path (initial): C:\Users\PCarre絪\.gradle\wrapper\dists\gradle-7.4-bin\c0gwcg53nkjbqw7r0h0umtfvt\gradle-7.4\lib\gradle-launcher-7.4.jar
Launcher Type: SUN_STANDARD

[Global flags]
     intx CICompilerCount                          = 3                                         {product} {ergonomic}
     uint ConcGCThreads                            = 1                                         {product} {ergonomic}
     uint G1ConcRefinementThreads                  = 4                                         {product} {ergonomic}
   size_t G1HeapRegionSize                         = 1048576                                   {product} {ergonomic}
    uintx GCDrainStackTargetSize                   = 64                                        {product} {ergonomic}
   size_t InitialHeapSize                          = 201326592                                 {product} {ergonomic}
   size_t MarkStackSize                            = 4194304                                   {product} {ergonomic}
   size_t MaxHeapSize                              = 2147483648                                {product} {command line}
   size_t MaxNewSize                               = 1287651328                                {product} {ergonomic}
   size_t MinHeapDeltaBytes                        = 1048576                                   {product} {ergonomic}
    uintx NonNMethodCodeHeapSize                   = 5830732                                {pd product} {ergonomic}
    uintx NonProfiledCodeHeapSize                  = 122913754                              {pd product} {ergonomic}
    uintx ProfiledCodeHeapSize                     = 122913754                              {pd product} {ergonomic}
    uintx ReservedCodeCacheSize                    = 251658240                              {pd product} {ergonomic}
     bool SegmentedCodeCache                       = true                                      {product} {ergonomic}
     bool UseCompressedClassPointers               = true                                 {lp64_product} {ergonomic}
     bool UseCompressedOops                        = true                                 {lp64_product} {ergonomic}
     bool UseG1GC                                  = true                                      {product} {ergonomic}
     bool UseLargePagesIndividualAllocation        = false                                  {pd product} {ergonomic}

Logging:
Log output configuration:
 #0: stdout all=warning uptime,level,tags
 #1: stderr all=off uptime,level,tags

Environment Variables:
PATH=C:\Program Files (x86)\Common Files\Oracle\Java\javapath;C:\Windows\system32;C:\Windows;C:\Windows\System32\Wbem;C:\Windows\System32\WindowsPowerShell\v1.0\;C:\Windows\System32\OpenSSH\;C:\Program Files (x86)\NVIDIA Corporation\PhysX\Common;C:\Program Files\NVIDIA Corporation\NVIDIA NvDLISR;C:\Program Files\dotnet\;C:\WINDOWS\system32;C:\WINDOWS;C:\WINDOWS\System32\Wbem;C:\WINDOWS\System32\WindowsPowerShell\v1.0\;C:\WINDOWS\System32\OpenSSH\;C:\Program Files\Git\cmd;C:\Users\PCarre絪\AppData\Local\Microsoft\WindowsApps;C:\Users\PCarre絪\AppData\Local\GitHubDesktop\bin
USERNAME=PCarre絪
OS=Windows_NT
PROCESSOR_IDENTIFIER=Intel64 Family 6 Model 58 Stepping 9, GenuineIntel



---------------  S Y S T E M  ---------------

OS: Windows 10 , 64 bit Build 19041 (10.0.19041.1889)
OS uptime: 0 days 1:22 hours

CPU:total 4 (initial active 4) (4 cores per cpu, 1 threads per core) family 6 model 58 stepping 9 microcode 0x21, cmov, cx8, fxsr, mmx, sse, sse2, sse3, ssse3, sse4.1, sse4.2, popcnt, avx, aes, clmul, erms, tsc, tscinvbit, tscinv

Memory: 4k page, system-wide physical 12256M (3503M free)
TotalPageFile size 15156M (AvailPageFile size 2466M)
current process WorkingSet (physical memory assigned to process): 565M, peak: 663M
current process commit charge ("private bytes"): 717M, peak: 760M

vm_info: OpenJDK 64-Bit Server VM (11.0.13+0-b1751.21-8125866) for windows-amd64 JRE (11.0.13+0-b1751.21-8125866), built on Feb  2 2022 03:00:22 by "builder" with MS VC++ 14.0 (VS2015)

END.
